Log file open, 02/08/23 18:16:56
LogWindows: Failed to load 'aqProf.dll' (GetLastError=126)
LogWindows: File 'aqProf.dll' does not exist
LogWindows: Failed to load 'VtuneApi.dll' (GetLastError=126)
LogWindows: File 'VtuneApi.dll' does not exist
LogWindows: Failed to load 'VtuneApi32e.dll' (GetLastError=126)
LogWindows: File 'VtuneApi32e.dll' does not exist
LogConsoleResponse: Display: Failed to find resolution value strings in scalability ini. Falling back to default.
LogConsoleResponse: Display: Failed to find resolution value strings in scalability ini. Falling back to default.
LogPlatformFile: Not using cached read wrapper
LogTaskGraph: Started task graph with 5 named threads and 23 total threads with 3 sets of task threads.
LogStats: Stats thread started at 0.312620
LogICUInternationalization: ICU TimeZone Detection - Raw Offset: +2:00, Platform Override: ''
LogInit: Display: Loading text-based GConfig....
LogPluginManager: Mounting plugin MeshPainting
LogPluginManager: Mounting plugin Paper2D
LogPluginManager: Mounting plugin AISupport
LogPluginManager: Mounting plugin EnvironmentQueryEditor
LogPluginManager: Mounting plugin LightPropagationVolume
LogPluginManager: Mounting plugin LiveLink
LogPluginManager: Mounting plugin CameraShakePreviewer
LogPluginManager: Mounting plugin GameplayCameras
LogPluginManager: Mounting plugin OodleNetwork
LogPluginManager: Mounting plugin OodleData
LogPluginManager: Mounting plugin AnimationSharing
LogPluginManager: Mounting plugin PixWinPlugin
LogPluginManager: Mounting plugin PluginUtils
LogPluginManager: Mounting plugin UObjectPlugin
LogPluginManager: Mounting plugin AssetManagerEditor
LogPluginManager: Mounting plugin GeometryMode
LogPluginManager: Mounting plugin DatasmithContent
LogPluginManager: Mounting plugin VariantManagerContent
LogPluginManager: Mounting plugin SpeedTreeImporter
LogPluginManager: Mounting plugin FacialAnimation
LogPluginManager: Mounting plugin AutomationUtils
LogPluginManager: Mounting plugin AlembicImporter
LogPluginManager: Mounting plugin ChaosCloth
LogPluginManager: Mounting plugin ChaosClothEditor
LogPluginManager: Mounting plugin ChaosEditor
LogPluginManager: Mounting plugin ChaosNiagara
LogPluginManager: Mounting plugin CharacterAI
LogPluginManager: Mounting plugin GeometryCollectionPlugin
LogPluginManager: Mounting plugin GeometryCache
LogPluginManager: Mounting plugin GeometryProcessing
LogPluginManager: Mounting plugin MotoSynth
LogPluginManager: Mounting plugin OpenImageDenoise
LogPluginManager: Mounting plugin PlanarCut
LogPluginManager: Mounting plugin PlatformCrypto
LogPluginManager: Mounting plugin PythonScriptPlugin
LogPluginManager: Mounting plugin Niagara
LogPluginManager: Mounting plugin MagicLeap
LogPluginManager: Mounting plugin MagicLeapLightEstimation
LogPluginManager: Mounting plugin MagicLeapPassableWorld
LogPluginManager: Mounting plugin AvfMedia
LogPluginManager: Mounting plugin ImgMedia
LogPluginManager: Mounting plugin MLSDK
LogPluginManager: Mounting plugin MediaCompositing
LogPluginManager: Mounting plugin WmfMedia
LogPluginManager: Mounting plugin WebMMedia
LogPluginManager: Mounting plugin TcpMessaging
LogPluginManager: Mounting plugin UdpMessaging
LogPluginManager: Mounting plugin OnlineSubsystemSteam
LogPluginManager: Mounting plugin OnlineSubsystem
LogPluginManager: Mounting plugin OnlineSubsystemUtils
LogPluginManager: Mounting plugin ActorSequence
LogPluginManager: Mounting plugin ChaosSolverPlugin
LogPluginManager: Mounting plugin LevelSequenceEditor
LogPluginManager: Mounting plugin MatineeToLevelSequence
LogPluginManager: Mounting plugin LauncherChunkInstaller
LogPluginManager: Mounting plugin TemplateSequence
LogPluginManager: Mounting plugin AndroidPermission
LogPluginManager: Mounting plugin AppleImageUtils
LogPluginManager: Mounting plugin ArchVisCharacter
LogPluginManager: Mounting plugin ActorLayerUtilities
LogPluginManager: Mounting plugin AudioCapture
LogPluginManager: Mounting plugin AssetTags
LogPluginManager: Mounting plugin AudioSynesthesia
LogPluginManager: Mounting plugin ScreenshotTools
LogPluginManager: Mounting plugin CableComponent
LogPluginManager: Mounting plugin CustomMeshComponent
LogPluginManager: Mounting plugin ChunkDownloader
LogPluginManager: Mounting plugin EditableMesh
LogPluginManager: Mounting plugin ExampleDeviceProfileSelector
LogPluginManager: Mounting plugin GooglePAD
LogPluginManager: Mounting plugin LocationServicesBPLibrary
LogPluginManager: Mounting plugin MobilePatchingUtils
LogPluginManager: Mounting plugin OpenXR
LogPluginManager: Mounting plugin OpenXREyeTracker
LogPluginManager: Mounting plugin ProceduralMeshComponent
LogPluginManager: Mounting plugin PhysXVehicles
LogPluginManager: Mounting plugin PropertyAccessEditor
LogPluginManager: Mounting plugin RuntimePhysXCooking
LogPluginManager: Mounting plugin SignificanceManager
LogPluginManager: Mounting plugin SoundFields
LogPluginManager: Mounting plugin OpenXRHandTracking
LogPluginManager: Mounting plugin Synthesis
LogPluginManager: Mounting plugin WebMMoviePlayer
LogPluginManager: Mounting plugin WindowsMoviePlayer
LogPluginManager: Mounting plugin Takes
LogPluginManager: Mounting plugin OnlineSubsystemNull
LogPluginManager: Mounting plugin BackChannel
LogPluginManager: Mounting plugin OculusVR
LogPluginManager: Mounting plugin SteamShared
LogPluginManager: Mounting plugin SteamVR
PixWinPlugin: PIX capture plugin failed to initialize! Check that the process is launched from PIX.
LogLuminAPIImpl: Warning: MLSDK not found.  This likely means the MLSDK environment variable is not set.
LogInit: Using libcurl 7.55.1-DEV
LogInit:  - built for x86_64-pc-win32
LogInit:  - supports SSL with OpenSSL/1.1.1
LogInit:  - supports HTTP deflate (compression) using libz 1.2.8
LogInit:  - other features:
LogInit:      CURL_VERSION_SSL
LogInit:      CURL_VERSION_LIBZ
LogInit:      CURL_VERSION_IPV6
LogInit:      CURL_VERSION_ASYNCHDNS
LogInit:      CURL_VERSION_LARGEFILE
LogInit:      CURL_VERSION_IDN
LogInit:  CurlRequestOptions (configurable via config and command line):
LogInit:  - bVerifyPeer = true  - Libcurl will verify peer certificate
LogInit:  - bUseHttpProxy = false  - Libcurl will NOT use HTTP proxy
LogInit:  - bDontReuseConnections = false  - Libcurl will reuse connections
LogInit:  - MaxHostConnections = 16  - Libcurl will limit the number of connections to a host
LogInit:  - LocalHostAddr = Default
LogInit:  - BufferSize = 65536
LogSteamShared: Display: Loading Steam SDK 1.51
LogSteamShared: Steam SDK Loaded!
LogOnline: OSS: Creating online subsystem instance for: Steam
LogOnline: STEAM: Steam User is subscribed 1
LogOnline: STEAM: [AppId: 480] Client API initialized 1
LogOnline: STEAM: Initializing SteamNetworking Layer
LogOnline: STEAM: Missing P2PCleanupTimeout key in OnlineSubsystemSteam of DefaultEngine.ini, using default
LogInit: WinSock: version 1.1 (2.2), MaxSocks=32767, MaxUdp=65467
LogOnline: OSS: TryLoadSubsystemAndSetDefault: Loaded subsystem for module [Steam]
LogOculusPluginWrapper: OculusPlugin initialized successfully
LogHMD: Failed initializing OVRPlugin 1.59.0
LogInit: Build: ++UE4+Release-4.27-CL-18319896
LogInit: Engine Version: 4.27.2-18319896+++UE4+Release-4.27
LogInit: Compatible Engine Version: 4.27.0-17155196+++UE4+Release-4.27
LogInit: Net CL: 17155196
LogInit: OS: Windows 10 (Release 2009) (), CPU: Intel(R) Core(TM) i7-8550U CPU @ 1.80GHz, GPU: Intel(R) UHD Graphics 620
LogInit: Compiled (64-bit): Nov 30 2021 07:26:28
LogInit: Compiled with Visual C++: 19.16.27032.01
LogInit: Build Configuration: Development
LogInit: Branch Name: ++UE4+Release-4.27
LogInit: Command Line: 
LogInit: Base Directory: C:/Users/GilMor/Documents/GitHub/appsflyer-unreal-steam-sample-app/AFSteamExample/Saved/StagedBuilds/WindowsNoEditor/AFSteamExample/Binaries/Win64/
LogInit: Allocator: binned2
LogInit: Installed Engine Build: 0
LogDevObjectVersion: Number of dev versions registered: 29
LogDevObjectVersion:   Dev-Blueprints (B0D832E4-1F89-4F0D-ACCF-7EB736FD4AA2): 10
LogDevObjectVersion:   Dev-Build (E1C64328-A22C-4D53-A36C-8E866417BD8C): 0
LogDevObjectVersion:   Dev-Core (375EC13C-06E4-48FB-B500-84F0262A717E): 4
LogDevObjectVersion:   Dev-Editor (E4B068ED-F494-42E9-A231-DA0B2E46BB41): 40
LogDevObjectVersion:   Dev-Framework (CFFC743F-43B0-4480-9391-14DF171D2073): 37
LogDevObjectVersion:   Dev-Mobile (B02B49B5-BB20-44E9-A304-32B752E40360): 3
LogDevObjectVersion:   Dev-Networking (A4E4105C-59A1-49B5-A7C5-40C4547EDFEE): 0
LogDevObjectVersion:   Dev-Online (39C831C9-5AE6-47DC-9A44-9C173E1C8E7C): 0
LogDevObjectVersion:   Dev-Physics (78F01B33-EBEA-4F98-B9B4-84EACCB95AA2): 14
LogDevObjectVersion:   Dev-Platform (6631380F-2D4D-43E0-8009-CF276956A95A): 0
LogDevObjectVersion:   Dev-Rendering (12F88B9F-8875-4AFC-A67C-D90C383ABD29): 45
LogDevObjectVersion:   Dev-Sequencer (7B5AE74C-D270-4C10-A958-57980B212A5A): 13
LogDevObjectVersion:   Dev-VR (D7296918-1DD6-4BDD-9DE2-64A83CC13884): 3
LogDevObjectVersion:   Dev-LoadTimes (C2A15278-BFE7-4AFE-6C17-90FF531DF755): 1
LogDevObjectVersion:   Private-Geometry (6EACA3D4-40EC-4CC1-B786-8BED09428FC5): 3
LogDevObjectVersion:   Dev-AnimPhys (29E575DD-E0A3-4627-9D10-D276232CDCEA): 17
LogDevObjectVersion:   Dev-Anim (AF43A65D-7FD3-4947-9873-3E8ED9C1BB05): 15
LogDevObjectVersion:   Dev-ReflectionCapture (6B266CEC-1EC7-4B8F-A30B-E4D90942FC07): 1
LogDevObjectVersion:   Dev-Automation (0DF73D61-A23F-47EA-B727-89E90C41499A): 1
LogDevObjectVersion:   FortniteMain (601D1886-AC64-4F84-AA16-D3DE0DEAC7D6): 47
LogDevObjectVersion:   FortniteRelease (E7086368-6B23-4C58-8439-1B7016265E91): 1
LogDevObjectVersion:   Dev-Enterprise (9DFFBCD6-494F-0158-E221-12823C92A888): 10
LogDevObjectVersion:   Dev-Niagara (F2AED0AC-9AFE-416F-8664-AA7FFA26D6FC): 1
LogDevObjectVersion:   Dev-Destruction (174F1F0B-B4C6-45A5-B13F-2EE8D0FB917D): 10
LogDevObjectVersion:   Dev-Physics-Ext (35F94A83-E258-406C-A318-09F59610247C): 41
LogDevObjectVersion:   Dev-PhysicsMaterial-Chaos (B68FC16E-8B1B-42E2-B453-215C058844FE): 1
LogDevObjectVersion:   Dev-CineCamera (B2E18506-4273-CFC2-A54E-F4BB758BBA07): 1
LogDevObjectVersion:   Dev-VirtualProduction (64F58936-FD1B-42BA-BA96-7289D5D0FA4E): 1
LogDevObjectVersion:   Dev-MediaFramework (6F0ED827-A609-4895-9C91-998D90180EA4): 2
LogInit: Presizing for max 2097152 objects, including 1 objects not considered by GC, pre-allocating 0 bytes for permanent pool.
LogConfig: Applying CVar settings from Section [/Script/Engine.StreamingSettings] File [../../../AFSteamExample/Saved/Config/WindowsNoEditor/Engine.ini]
LogConfig: Setting CVar [[s.MinBulkDataSizeForAsyncLoading:131072]]
LogConfig: Setting CVar [[s.AsyncLoadingThreadEnabled:0]]
LogConfig: Setting CVar [[s.EventDrivenLoaderEnabled:1]]
LogConfig: Setting CVar [[s.WarnIfTimeLimitExceeded:0]]
LogConfig: Setting CVar [[s.TimeLimitExceededMultiplier:1.5]]
LogConfig: Setting CVar [[s.TimeLimitExceededMinTime:0.005]]
LogConfig: Setting CVar [[s.UseBackgroundLevelStreaming:1]]
LogConfig: Setting CVar [[s.PriorityAsyncLoadingExtraTime:15.0]]
LogConfig: Setting CVar [[s.LevelStreamingActorsUpdateTimeLimit:5.0]]
LogConfig: Setting CVar [[s.PriorityLevelStreamingActorsUpdateExtraTime:5.0]]
LogConfig: Setting CVar [[s.LevelStreamingComponentsRegistrationGranularity:10]]
LogConfig: Setting CVar [[s.UnregisterComponentsTimeLimit:1.0]]
LogConfig: Setting CVar [[s.LevelStreamingComponentsUnregistrationGranularity:5]]
LogConfig: Setting CVar [[s.FlushStreamingOnExit:1]]
LogStreaming: Display: Async Loading initialized: Event Driven Loader: true, Async Loading Thread: false, Async Post Load: true
LogInit: Object subsystem initialized
LogConfig: Setting CVar [[con.DebugEarlyDefault:1]]
LogConfig: Setting CVar [[r.setres:1280x720]]
LogConfig: Setting CVar [[fx.NiagaraAllowRuntimeScalabilityChanges:1]]
[2023.02.08-16.16.57:865][  0]LogConfig: Setting CVar [[con.DebugEarlyDefault:1]]
[2023.02.08-16.16.57:865][  0]LogConfig: Setting CVar [[r.setres:1280x720]]
[2023.02.08-16.16.57:865][  0]LogConfig: Setting CVar [[fx.NiagaraAllowRuntimeScalabilityChanges:1]]
[2023.02.08-16.16.57:865][  0]LogConfig: Applying CVar settings from Section [/Script/Engine.RendererSettings] File [../../../AFSteamExample/Saved/Config/WindowsNoEditor/Engine.ini]
[2023.02.08-16.16.57:865][  0]LogConfig: Setting CVar [[r.GPUCrashDebugging:0]]
[2023.02.08-16.16.57:865][  0]LogConfig: Applying CVar settings from Section [/Script/Engine.RendererOverrideSettings] File [../../../AFSteamExample/Saved/Config/WindowsNoEditor/Engine.ini]
[2023.02.08-16.16.57:865][  0]LogConfig: Applying CVar settings from Section [/Script/Engine.StreamingSettings] File [../../../AFSteamExample/Saved/Config/WindowsNoEditor/Engine.ini]
[2023.02.08-16.16.57:865][  0]LogConfig: Setting CVar [[s.MinBulkDataSizeForAsyncLoading:131072]]
[2023.02.08-16.16.57:865][  0]LogConfig: Setting CVar [[s.AsyncLoadingThreadEnabled:0]]
[2023.02.08-16.16.57:865][  0]LogConfig: Setting CVar [[s.EventDrivenLoaderEnabled:1]]
[2023.02.08-16.16.57:865][  0]LogConfig: Setting CVar [[s.WarnIfTimeLimitExceeded:0]]
[2023.02.08-16.16.57:865][  0]LogConfig: Setting CVar [[s.TimeLimitExceededMultiplier:1.5]]
[2023.02.08-16.16.57:865][  0]LogConfig: Setting CVar [[s.TimeLimitExceededMinTime:0.005]]
[2023.02.08-16.16.57:865][  0]LogConfig: Setting CVar [[s.UseBackgroundLevelStreaming:1]]
[2023.02.08-16.16.57:866][  0]LogConfig: Setting CVar [[s.PriorityAsyncLoadingExtraTime:15.0]]
[2023.02.08-16.16.57:866][  0]LogConfig: Setting CVar [[s.LevelStreamingActorsUpdateTimeLimit:5.0]]
[2023.02.08-16.16.57:866][  0]LogConfig: Setting CVar [[s.PriorityLevelStreamingActorsUpdateExtraTime:5.0]]
[2023.02.08-16.16.57:866][  0]LogConfig: Setting CVar [[s.LevelStreamingComponentsRegistrationGranularity:10]]
[2023.02.08-16.16.57:866][  0]LogConfig: Setting CVar [[s.UnregisterComponentsTimeLimit:1.0]]
[2023.02.08-16.16.57:866][  0]LogConfig: Setting CVar [[s.LevelStreamingComponentsUnregistrationGranularity:5]]
[2023.02.08-16.16.57:866][  0]LogConfig: Setting CVar [[s.FlushStreamingOnExit:1]]
[2023.02.08-16.16.57:866][  0]LogConfig: Applying CVar settings from Section [/Script/Engine.GarbageCollectionSettings] File [../../../AFSteamExample/Saved/Config/WindowsNoEditor/Engine.ini]
[2023.02.08-16.16.57:866][  0]LogConfig: Setting CVar [[gc.MaxObjectsNotConsideredByGC:1]]
[2023.02.08-16.16.57:866][  0]LogConfig: Setting CVar [[gc.SizeOfPermanentObjectPool:0]]
[2023.02.08-16.16.57:866][  0]LogConfig: Setting CVar [[gc.FlushStreamingOnGC:0]]
[2023.02.08-16.16.57:866][  0]LogConfig: Setting CVar [[gc.NumRetriesBeforeForcingGC:10]]
[2023.02.08-16.16.57:866][  0]LogConfig: Setting CVar [[gc.AllowParallelGC:1]]
[2023.02.08-16.16.57:866][  0]LogConfig: Setting CVar [[gc.TimeBetweenPurgingPendingKillObjects:61.1]]
[2023.02.08-16.16.57:866][  0]LogConfig: Setting CVar [[gc.MaxObjectsInEditor:25165824]]
[2023.02.08-16.16.57:866][  0]LogConfig: Setting CVar [[gc.IncrementalBeginDestroyEnabled:1]]
[2023.02.08-16.16.57:866][  0]LogConfig: Setting CVar [[gc.CreateGCClusters:1]]
[2023.02.08-16.16.57:866][  0]LogConfig: Setting CVar [[gc.MinGCClusterSize:5]]
[2023.02.08-16.16.57:866][  0]LogConfig: Setting CVar [[gc.ActorClusteringEnabled:0]]
[2023.02.08-16.16.57:867][  0]LogConfig: Setting CVar [[gc.BlueprintClusteringEnabled:0]]
[2023.02.08-16.16.57:867][  0]LogConfig: Setting CVar [[gc.UseDisregardForGCOnDedicatedServers:0]]
[2023.02.08-16.16.57:867][  0]LogConfig: Setting CVar [[gc.MultithreadedDestructionEnabled:1]]
[2023.02.08-16.16.57:867][  0]LogConfig: Applying CVar settings from Section [/Script/Engine.NetworkSettings] File [../../../AFSteamExample/Saved/Config/WindowsNoEditor/Engine.ini]
[2023.02.08-16.16.58:031][  0]LogConfig: Applying CVar settings from Section [ViewDistanceQuality@3] File [../../../AFSteamExample/Saved/Config/WindowsNoEditor/Scalability.ini]
[2023.02.08-16.16.58:031][  0]LogConfig: Setting CVar [[r.SkeletalMeshLODBias:0]]
[2023.02.08-16.16.58:031][  0]LogConfig: Setting CVar [[r.ViewDistanceScale:1.0]]
[2023.02.08-16.16.58:031][  0]LogConfig: Applying CVar settings from Section [AntiAliasingQuality@3] File [../../../AFSteamExample/Saved/Config/WindowsNoEditor/Scalability.ini]
[2023.02.08-16.16.58:031][  0]LogConfig: Setting CVar [[r.PostProcessAAQuality:4]]
[2023.02.08-16.16.58:031][  0]LogConfig: Applying CVar settings from Section [ShadowQuality@3] File [../../../AFSteamExample/Saved/Config/WindowsNoEditor/Scalability.ini]
[2023.02.08-16.16.58:031][  0]LogConfig: Setting CVar [[r.LightFunctionQuality:1]]
[2023.02.08-16.16.58:031][  0]LogConfig: Setting CVar [[r.ShadowQuality:5]]
[2023.02.08-16.16.58:031][  0]LogConfig: Setting CVar [[r.Shadow.CSM.MaxCascades:10]]
[2023.02.08-16.16.58:031][  0]LogConfig: Setting CVar [[r.Shadow.MaxResolution:2048]]
[2023.02.08-16.16.58:031][  0]LogConfig: Setting CVar [[r.Shadow.MaxCSMResolution:2048]]
[2023.02.08-16.16.58:031][  0]LogConfig: Setting CVar [[r.Shadow.RadiusThreshold:0.01]]
[2023.02.08-16.16.58:031][  0]LogConfig: Setting CVar [[r.Shadow.DistanceScale:1.0]]
[2023.02.08-16.16.58:032][  0]LogConfig: Setting CVar [[r.Shadow.CSM.TransitionScale:1.0]]
[2023.02.08-16.16.58:032][  0]LogConfig: Setting CVar [[r.Shadow.PreShadowResolutionFactor:1.0]]
[2023.02.08-16.16.58:032][  0]LogConfig: Setting CVar [[r.DistanceFieldShadowing:1]]
[2023.02.08-16.16.58:032][  0]LogConfig: Setting CVar [[r.DistanceFieldAO:1]]
[2023.02.08-16.16.58:032][  0]LogConfig: Setting CVar [[r.AOQuality:2]]
[2023.02.08-16.16.58:032][  0]LogConfig: Setting CVar [[r.VolumetricFog:1]]
[2023.02.08-16.16.58:032][  0]LogConfig: Setting CVar [[r.VolumetricFog.GridPixelSize:8]]
[2023.02.08-16.16.58:032][  0]LogConfig: Setting CVar [[r.VolumetricFog.GridSizeZ:128]]
[2023.02.08-16.16.58:032][  0]LogConfig: Setting CVar [[r.VolumetricFog.HistoryMissSupersampleCount:4]]
[2023.02.08-16.16.58:032][  0]LogConfig: Setting CVar [[r.LightMaxDrawDistanceScale:1]]
[2023.02.08-16.16.58:032][  0]LogConfig: Setting CVar [[r.CapsuleShadows:1]]
[2023.02.08-16.16.58:032][  0]LogConfig: Applying CVar settings from Section [PostProcessQuality@3] File [../../../AFSteamExample/Saved/Config/WindowsNoEditor/Scalability.ini]
[2023.02.08-16.16.58:032][  0]LogConfig: Setting CVar [[r.MotionBlurQuality:4]]
[2023.02.08-16.16.58:032][  0]LogConfig: Setting CVar [[r.AmbientOcclusionMipLevelFactor:0.4]]
[2023.02.08-16.16.58:032][  0]LogConfig: Setting CVar [[r.AmbientOcclusionMaxQuality:100]]
[2023.02.08-16.16.58:032][  0]LogConfig: Setting CVar [[r.AmbientOcclusionLevels:-1]]
[2023.02.08-16.16.58:032][  0]LogConfig: Setting CVar [[r.AmbientOcclusionRadiusScale:1.0]]
[2023.02.08-16.16.58:032][  0]LogConfig: Setting CVar [[r.DepthOfFieldQuality:2]]
[2023.02.08-16.16.58:032][  0]LogConfig: Setting CVar [[r.RenderTargetPoolMin:400]]
[2023.02.08-16.16.58:033][  0]LogConfig: Setting CVar [[r.LensFlareQuality:2]]
[2023.02.08-16.16.58:033][  0]LogConfig: Setting CVar [[r.SceneColorFringeQuality:1]]
[2023.02.08-16.16.58:033][  0]LogConfig: Setting CVar [[r.EyeAdaptationQuality:2]]
[2023.02.08-16.16.58:033][  0]LogConfig: Setting CVar [[r.BloomQuality:5]]
[2023.02.08-16.16.58:033][  0]LogConfig: Setting CVar [[r.FastBlurThreshold:100]]
[2023.02.08-16.16.58:033][  0]LogConfig: Setting CVar [[r.Upscale.Quality:3]]
[2023.02.08-16.16.58:033][  0]LogConfig: Setting CVar [[r.Tonemapper.GrainQuantization:1]]
[2023.02.08-16.16.58:033][  0]LogConfig: Setting CVar [[r.LightShaftQuality:1]]
[2023.02.08-16.16.58:033][  0]LogConfig: Setting CVar [[r.Filter.SizeScale:1]]
[2023.02.08-16.16.58:033][  0]LogConfig: Setting CVar [[r.Tonemapper.Quality:5]]
[2023.02.08-16.16.58:033][  0]LogConfig: Setting CVar [[r.DOF.Gather.AccumulatorQuality:1        ; higher gathering accumulator quality]]
[2023.02.08-16.16.58:033][  0]LogConfig: Setting CVar [[r.DOF.Gather.PostfilterMethod:1          ; Median3x3 postfilering method]]
[2023.02.08-16.16.58:033][  0]LogConfig: Setting CVar [[r.DOF.Gather.EnableBokehSettings:0       ; no bokeh simulation when gathering]]
[2023.02.08-16.16.58:033][  0]LogConfig: Setting CVar [[r.DOF.Gather.RingCount:4                 ; medium number of samples when gathering]]
[2023.02.08-16.16.58:033][  0]LogConfig: Setting CVar [[r.DOF.Scatter.ForegroundCompositing:1    ; additive foreground scattering]]
[2023.02.08-16.16.58:033][  0]LogConfig: Setting CVar [[r.DOF.Scatter.BackgroundCompositing:2    ; additive background scattering]]
[2023.02.08-16.16.58:033][  0]LogConfig: Setting CVar [[r.DOF.Scatter.EnableBokehSettings:1      ; bokeh simulation when scattering]]
[2023.02.08-16.16.58:034][  0]LogConfig: Setting CVar [[r.DOF.Scatter.MaxSpriteRatio:0.1         ; only a maximum of 10% of scattered bokeh]]
[2023.02.08-16.16.58:034][  0]LogConfig: Setting CVar [[r.DOF.Recombine.Quality:1                ; cheap slight out of focus]]
[2023.02.08-16.16.58:034][  0]LogConfig: Setting CVar [[r.DOF.Recombine.EnableBokehSettings:0    ; no bokeh simulation on slight out of focus]]
[2023.02.08-16.16.58:034][  0]LogConfig: Setting CVar [[r.DOF.TemporalAAQuality:1                ; more stable temporal accumulation]]
[2023.02.08-16.16.58:034][  0]LogConfig: Setting CVar [[r.DOF.Kernel.MaxForegroundRadius:0.025]]
[2023.02.08-16.16.58:034][  0]LogConfig: Setting CVar [[r.DOF.Kernel.MaxBackgroundRadius:0.025]]
[2023.02.08-16.16.58:034][  0]LogConfig: Applying CVar settings from Section [TextureQuality@3] File [../../../AFSteamExample/Saved/Config/WindowsNoEditor/Scalability.ini]
[2023.02.08-16.16.58:034][  0]LogConfig: Setting CVar [[r.Streaming.MipBias:0]]
[2023.02.08-16.16.58:034][  0]LogConfig: Setting CVar [[r.Streaming.AmortizeCPUToGPUCopy:0]]
[2023.02.08-16.16.58:034][  0]LogConfig: Setting CVar [[r.Streaming.MaxNumTexturesToStreamPerFrame:0]]
[2023.02.08-16.16.58:034][  0]LogConfig: Setting CVar [[r.Streaming.Boost:1]]
[2023.02.08-16.16.58:034][  0]LogConfig: Setting CVar [[r.MaxAnisotropy:8]]
[2023.02.08-16.16.58:034][  0]LogConfig: Setting CVar [[r.VT.MaxAnisotropy:8]]
[2023.02.08-16.16.58:034][  0]LogConfig: Setting CVar [[r.Streaming.LimitPoolSizeToVRAM:0]]
[2023.02.08-16.16.58:034][  0]LogConfig: Setting CVar [[r.Streaming.PoolSize:1000]]
[2023.02.08-16.16.58:034][  0]LogConfig: Setting CVar [[r.Streaming.MaxEffectiveScreenSize:0]]
[2023.02.08-16.16.58:034][  0]LogConfig: Applying CVar settings from Section [EffectsQuality@3] File [../../../AFSteamExample/Saved/Config/WindowsNoEditor/Scalability.ini]
[2023.02.08-16.16.58:035][  0]LogConfig: Setting CVar [[r.TranslucencyLightingVolumeDim:64]]
[2023.02.08-16.16.58:035][  0]LogConfig: Setting CVar [[r.RefractionQuality:2]]
[2023.02.08-16.16.58:035][  0]LogConfig: Setting CVar [[r.SSR.Quality:3]]
[2023.02.08-16.16.58:035][  0]LogConfig: Setting CVar [[r.SSR.HalfResSceneColor:0]]
[2023.02.08-16.16.58:035][  0]LogConfig: Setting CVar [[r.SceneColorFormat:4]]
[2023.02.08-16.16.58:035][  0]LogConfig: Setting CVar [[r.DetailMode:2]]
[2023.02.08-16.16.58:035][  0]LogConfig: Setting CVar [[r.TranslucencyVolumeBlur:1]]
[2023.02.08-16.16.58:035][  0]LogConfig: Setting CVar [[r.MaterialQualityLevel:1 ; High quality]]
[2023.02.08-16.16.58:035][  0]LogConfig: Setting CVar [[r.AnisotropicMaterials:1]]
[2023.02.08-16.16.58:035][  0]LogConfig: Setting CVar [[r.SSS.Scale:1]]
[2023.02.08-16.16.58:035][  0]LogConfig: Setting CVar [[r.SSS.SampleSet:2]]
[2023.02.08-16.16.58:035][  0]LogConfig: Setting CVar [[r.SSS.Quality:1]]
[2023.02.08-16.16.58:035][  0]LogConfig: Setting CVar [[r.SSS.HalfRes:0]]
[2023.02.08-16.16.58:035][  0]LogConfig: Setting CVar [[r.SSGI.Quality:3]]
[2023.02.08-16.16.58:035][  0]LogConfig: Setting CVar [[r.EmitterSpawnRateScale:1.0]]
[2023.02.08-16.16.58:035][  0]LogConfig: Setting CVar [[r.ParticleLightQuality:2]]
[2023.02.08-16.16.58:035][  0]LogConfig: Setting CVar [[r.SkyAtmosphere.AerialPerspectiveLUT.FastApplyOnOpaque:1 ; Always have FastSkyLUT 1 in this case to avoid wrong sky]]
[2023.02.08-16.16.58:035][  0]LogConfig: Setting CVar [[r.SkyAtmosphere.AerialPerspectiveLUT.SampleCountMaxPerSlice:4]]
[2023.02.08-16.16.58:036][  0]LogConfig: Setting CVar [[r.SkyAtmosphere.AerialPerspectiveLUT.DepthResolution:16.0]]
[2023.02.08-16.16.58:036][  0]LogConfig: Setting CVar [[r.SkyAtmosphere.FastSkyLUT:1]]
[2023.02.08-16.16.58:036][  0]LogConfig: Setting CVar [[r.SkyAtmosphere.FastSkyLUT.SampleCountMin:4.0]]
[2023.02.08-16.16.58:036][  0]LogConfig: Setting CVar [[r.SkyAtmosphere.FastSkyLUT.SampleCountMax:128.0]]
[2023.02.08-16.16.58:036][  0]LogConfig: Setting CVar [[r.SkyAtmosphere.SampleCountMin:4.0]]
[2023.02.08-16.16.58:036][  0]LogConfig: Setting CVar [[r.SkyAtmosphere.SampleCountMax:128.0]]
[2023.02.08-16.16.58:036][  0]LogConfig: Setting CVar [[r.SkyAtmosphere.TransmittanceLUT.UseSmallFormat:0]]
[2023.02.08-16.16.58:036][  0]LogConfig: Setting CVar [[r.SkyAtmosphere.TransmittanceLUT.SampleCount:10.0]]
[2023.02.08-16.16.58:036][  0]LogConfig: Setting CVar [[r.SkyAtmosphere.MultiScatteringLUT.SampleCount:15.0]]
[2023.02.08-16.16.58:036][  0]LogConfig: Setting CVar [[r.SkyLight.RealTimeReflectionCapture:1]]
[2023.02.08-16.16.58:036][  0]LogConfig: Setting CVar [[fx.Niagara.QualityLevel:3]]
[2023.02.08-16.16.58:036][  0]LogConfig: Applying CVar settings from Section [FoliageQuality@3] File [../../../AFSteamExample/Saved/Config/WindowsNoEditor/Scalability.ini]
[2023.02.08-16.16.58:036][  0]LogConfig: Setting CVar [[foliage.DensityScale:1.0]]
[2023.02.08-16.16.58:036][  0]LogConfig: Setting CVar [[grass.DensityScale:1.0]]
[2023.02.08-16.16.58:036][  0]LogConfig: Applying CVar settings from Section [ShadingQuality@3] File [../../../AFSteamExample/Saved/Config/WindowsNoEditor/Scalability.ini]
[2023.02.08-16.16.58:036][  0]LogConfig: Setting CVar [[r.HairStrands.SkyLighting.IntegrationType:2]]
[2023.02.08-16.16.58:036][  0]LogConfig: Setting CVar [[r.HairStrands.SkyAO.SampleCount:4]]
[2023.02.08-16.16.58:037][  0]LogConfig: Setting CVar [[r.HairStrands.Visibility.MSAA.SamplePerPixel:4]]
[2023.02.08-16.16.58:037][  0]LogInit: Selected Device Profile: [WindowsNoEditor]
[2023.02.08-16.16.58:037][  0]LogInit: Applying CVar settings loaded from the selected device profile: [WindowsNoEditor]
[2023.02.08-16.16.58:037][  0]LogHAL: Display: Platform has ~ 16 GB [17022533632 / 17179869184 / 16], which maps to Larger [LargestMinGB=32, LargerMinGB=12, DefaultMinGB=8, SmallerMinGB=6, SmallestMinGB=0)
[2023.02.08-16.16.58:037][  0]LogInit: Going up to parent DeviceProfile [Windows]
[2023.02.08-16.16.58:037][  0]LogInit: Going up to parent DeviceProfile []
[2023.02.08-16.16.58:037][  0]LogConfig: Applying CVar settings from Section [ViewDistanceQuality@3] File [../../../AFSteamExample/Saved/Config/WindowsNoEditor/Scalability.ini]
[2023.02.08-16.16.58:037][  0]LogConfig: Setting CVar [[r.SkeletalMeshLODBias:0]]
[2023.02.08-16.16.58:037][  0]LogConfig: Setting CVar [[r.ViewDistanceScale:1.0]]
[2023.02.08-16.16.58:037][  0]LogConfig: Applying CVar settings from Section [AntiAliasingQuality@3] File [../../../AFSteamExample/Saved/Config/WindowsNoEditor/Scalability.ini]
[2023.02.08-16.16.58:038][  0]LogConfig: Setting CVar [[r.PostProcessAAQuality:4]]
[2023.02.08-16.16.58:038][  0]LogConfig: Applying CVar settings from Section [ShadowQuality@3] File [../../../AFSteamExample/Saved/Config/WindowsNoEditor/Scalability.ini]
[2023.02.08-16.16.58:038][  0]LogConfig: Setting CVar [[r.LightFunctionQuality:1]]
[2023.02.08-16.16.58:038][  0]LogConfig: Setting CVar [[r.ShadowQuality:5]]
[2023.02.08-16.16.58:038][  0]LogConfig: Setting CVar [[r.Shadow.CSM.MaxCascades:10]]
[2023.02.08-16.16.58:038][  0]LogConfig: Setting CVar [[r.Shadow.MaxResolution:2048]]
[2023.02.08-16.16.58:038][  0]LogConfig: Setting CVar [[r.Shadow.MaxCSMResolution:2048]]
[2023.02.08-16.16.58:038][  0]LogConfig: Setting CVar [[r.Shadow.RadiusThreshold:0.01]]
[2023.02.08-16.16.58:038][  0]LogConfig: Setting CVar [[r.Shadow.DistanceScale:1.0]]
[2023.02.08-16.16.58:038][  0]LogConfig: Setting CVar [[r.Shadow.CSM.TransitionScale:1.0]]
[2023.02.08-16.16.58:038][  0]LogConfig: Setting CVar [[r.Shadow.PreShadowResolutionFactor:1.0]]
[2023.02.08-16.16.58:038][  0]LogConfig: Setting CVar [[r.DistanceFieldShadowing:1]]
[2023.02.08-16.16.58:038][  0]LogConfig: Setting CVar [[r.DistanceFieldAO:1]]
[2023.02.08-16.16.58:038][  0]LogConfig: Setting CVar [[r.AOQuality:2]]
[2023.02.08-16.16.58:038][  0]LogConfig: Setting CVar [[r.VolumetricFog:1]]
[2023.02.08-16.16.58:038][  0]LogConfig: Setting CVar [[r.VolumetricFog.GridPixelSize:8]]
[2023.02.08-16.16.58:039][  0]LogConfig: Setting CVar [[r.VolumetricFog.GridSizeZ:128]]
[2023.02.08-16.16.58:039][  0]LogConfig: Setting CVar [[r.VolumetricFog.HistoryMissSupersampleCount:4]]
[2023.02.08-16.16.58:039][  0]LogConfig: Setting CVar [[r.LightMaxDrawDistanceScale:1]]
[2023.02.08-16.16.58:039][  0]LogConfig: Setting CVar [[r.CapsuleShadows:1]]
[2023.02.08-16.16.58:039][  0]LogConfig: Applying CVar settings from Section [PostProcessQuality@3] File [../../../AFSteamExample/Saved/Config/WindowsNoEditor/Scalability.ini]
[2023.02.08-16.16.58:039][  0]LogConfig: Setting CVar [[r.MotionBlurQuality:4]]
[2023.02.08-16.16.58:039][  0]LogConfig: Setting CVar [[r.AmbientOcclusionMipLevelFactor:0.4]]
[2023.02.08-16.16.58:039][  0]LogConfig: Setting CVar [[r.AmbientOcclusionMaxQuality:100]]
[2023.02.08-16.16.58:039][  0]LogConfig: Setting CVar [[r.AmbientOcclusionLevels:-1]]
[2023.02.08-16.16.58:039][  0]LogConfig: Setting CVar [[r.AmbientOcclusionRadiusScale:1.0]]
[2023.02.08-16.16.58:039][  0]LogConfig: Setting CVar [[r.DepthOfFieldQuality:2]]
[2023.02.08-16.16.58:039][  0]LogConfig: Setting CVar [[r.RenderTargetPoolMin:400]]
[2023.02.08-16.16.58:039][  0]LogConfig: Setting CVar [[r.LensFlareQuality:2]]
[2023.02.08-16.16.58:039][  0]LogConfig: Setting CVar [[r.SceneColorFringeQuality:1]]
[2023.02.08-16.16.58:039][  0]LogConfig: Setting CVar [[r.EyeAdaptationQuality:2]]
[2023.02.08-16.16.58:039][  0]LogConfig: Setting CVar [[r.BloomQuality:5]]
[2023.02.08-16.16.58:040][  0]LogConfig: Setting CVar [[r.FastBlurThreshold:100]]
[2023.02.08-16.16.58:040][  0]LogConfig: Setting CVar [[r.Upscale.Quality:3]]
[2023.02.08-16.16.58:040][  0]LogConfig: Setting CVar [[r.Tonemapper.GrainQuantization:1]]
[2023.02.08-16.16.58:040][  0]LogConfig: Setting CVar [[r.LightShaftQuality:1]]
[2023.02.08-16.16.58:040][  0]LogConfig: Setting CVar [[r.Filter.SizeScale:1]]
[2023.02.08-16.16.58:040][  0]LogConfig: Setting CVar [[r.Tonemapper.Quality:5]]
[2023.02.08-16.16.58:040][  0]LogConfig: Setting CVar [[r.DOF.Gather.AccumulatorQuality:1        ; higher gathering accumulator quality]]
[2023.02.08-16.16.58:040][  0]LogConfig: Setting CVar [[r.DOF.Gather.PostfilterMethod:1          ; Median3x3 postfilering method]]
[2023.02.08-16.16.58:040][  0]LogConfig: Setting CVar [[r.DOF.Gather.EnableBokehSettings:0       ; no bokeh simulation when gathering]]
[2023.02.08-16.16.58:040][  0]LogConfig: Setting CVar [[r.DOF.Gather.RingCount:4                 ; medium number of samples when gathering]]
[2023.02.08-16.16.58:040][  0]LogConfig: Setting CVar [[r.DOF.Scatter.ForegroundCompositing:1    ; additive foreground scattering]]
[2023.02.08-16.16.58:040][  0]LogConfig: Setting CVar [[r.DOF.Scatter.BackgroundCompositing:2    ; additive background scattering]]
[2023.02.08-16.16.58:040][  0]LogConfig: Setting CVar [[r.DOF.Scatter.EnableBokehSettings:1      ; bokeh simulation when scattering]]
[2023.02.08-16.16.58:040][  0]LogConfig: Setting CVar [[r.DOF.Scatter.MaxSpriteRatio:0.1         ; only a maximum of 10% of scattered bokeh]]
[2023.02.08-16.16.58:040][  0]LogConfig: Setting CVar [[r.DOF.Recombine.Quality:1                ; cheap slight out of focus]]
[2023.02.08-16.16.58:041][  0]LogConfig: Setting CVar [[r.DOF.Recombine.EnableBokehSettings:0    ; no bokeh simulation on slight out of focus]]
[2023.02.08-16.16.58:041][  0]LogConfig: Setting CVar [[r.DOF.TemporalAAQuality:1                ; more stable temporal accumulation]]
[2023.02.08-16.16.58:041][  0]LogConfig: Setting CVar [[r.DOF.Kernel.MaxForegroundRadius:0.025]]
[2023.02.08-16.16.58:041][  0]LogConfig: Setting CVar [[r.DOF.Kernel.MaxBackgroundRadius:0.025]]
[2023.02.08-16.16.58:041][  0]LogConfig: Applying CVar settings from Section [TextureQuality@3] File [../../../AFSteamExample/Saved/Config/WindowsNoEditor/Scalability.ini]
[2023.02.08-16.16.58:041][  0]LogConfig: Setting CVar [[r.Streaming.MipBias:0]]
[2023.02.08-16.16.58:041][  0]LogConfig: Setting CVar [[r.Streaming.AmortizeCPUToGPUCopy:0]]
[2023.02.08-16.16.58:041][  0]LogConfig: Setting CVar [[r.Streaming.MaxNumTexturesToStreamPerFrame:0]]
[2023.02.08-16.16.58:041][  0]LogConfig: Setting CVar [[r.Streaming.Boost:1]]
[2023.02.08-16.16.58:041][  0]LogConfig: Setting CVar [[r.MaxAnisotropy:8]]
[2023.02.08-16.16.58:041][  0]LogConfig: Setting CVar [[r.VT.MaxAnisotropy:8]]
[2023.02.08-16.16.58:041][  0]LogConfig: Setting CVar [[r.Streaming.LimitPoolSizeToVRAM:0]]
[2023.02.08-16.16.58:042][  0]LogConfig: Setting CVar [[r.Streaming.PoolSize:1000]]
[2023.02.08-16.16.58:042][  0]LogConfig: Setting CVar [[r.Streaming.MaxEffectiveScreenSize:0]]
[2023.02.08-16.16.58:042][  0]LogConfig: Applying CVar settings from Section [EffectsQuality@3] File [../../../AFSteamExample/Saved/Config/WindowsNoEditor/Scalability.ini]
[2023.02.08-16.16.58:042][  0]LogConfig: Setting CVar [[r.TranslucencyLightingVolumeDim:64]]
[2023.02.08-16.16.58:042][  0]LogConfig: Setting CVar [[r.RefractionQuality:2]]
[2023.02.08-16.16.58:042][  0]LogConfig: Setting CVar [[r.SSR.Quality:3]]
[2023.02.08-16.16.58:042][  0]LogConfig: Setting CVar [[r.SSR.HalfResSceneColor:0]]
[2023.02.08-16.16.58:042][  0]LogConfig: Setting CVar [[r.SceneColorFormat:4]]
[2023.02.08-16.16.58:042][  0]LogConfig: Setting CVar [[r.DetailMode:2]]
[2023.02.08-16.16.58:042][  0]LogConfig: Setting CVar [[r.TranslucencyVolumeBlur:1]]
[2023.02.08-16.16.58:043][  0]LogConfig: Setting CVar [[r.MaterialQualityLevel:1 ; High quality]]
[2023.02.08-16.16.58:043][  0]LogConfig: Setting CVar [[r.AnisotropicMaterials:1]]
[2023.02.08-16.16.58:043][  0]LogConfig: Setting CVar [[r.SSS.Scale:1]]
[2023.02.08-16.16.58:043][  0]LogConfig: Setting CVar [[r.SSS.SampleSet:2]]
[2023.02.08-16.16.58:043][  0]LogConfig: Setting CVar [[r.SSS.Quality:1]]
[2023.02.08-16.16.58:043][  0]LogConfig: Setting CVar [[r.SSS.HalfRes:0]]
[2023.02.08-16.16.58:043][  0]LogConfig: Setting CVar [[r.SSGI.Quality:3]]
[2023.02.08-16.16.58:043][  0]LogConfig: Setting CVar [[r.EmitterSpawnRateScale:1.0]]
[2023.02.08-16.16.58:043][  0]LogConfig: Setting CVar [[r.ParticleLightQuality:2]]
[2023.02.08-16.16.58:043][  0]LogConfig: Setting CVar [[r.SkyAtmosphere.AerialPerspectiveLUT.FastApplyOnOpaque:1 ; Always have FastSkyLUT 1 in this case to avoid wrong sky]]
[2023.02.08-16.16.58:043][  0]LogConfig: Setting CVar [[r.SkyAtmosphere.AerialPerspectiveLUT.SampleCountMaxPerSlice:4]]
[2023.02.08-16.16.58:043][  0]LogConfig: Setting CVar [[r.SkyAtmosphere.AerialPerspectiveLUT.DepthResolution:16.0]]
[2023.02.08-16.16.58:043][  0]LogConfig: Setting CVar [[r.SkyAtmosphere.FastSkyLUT:1]]
[2023.02.08-16.16.58:043][  0]LogConfig: Setting CVar [[r.SkyAtmosphere.FastSkyLUT.SampleCountMin:4.0]]
[2023.02.08-16.16.58:043][  0]LogConfig: Setting CVar [[r.SkyAtmosphere.FastSkyLUT.SampleCountMax:128.0]]
[2023.02.08-16.16.58:043][  0]LogConfig: Setting CVar [[r.SkyAtmosphere.SampleCountMin:4.0]]
[2023.02.08-16.16.58:043][  0]LogConfig: Setting CVar [[r.SkyAtmosphere.SampleCountMax:128.0]]
[2023.02.08-16.16.58:043][  0]LogConfig: Setting CVar [[r.SkyAtmosphere.TransmittanceLUT.UseSmallFormat:0]]
[2023.02.08-16.16.58:043][  0]LogConfig: Setting CVar [[r.SkyAtmosphere.TransmittanceLUT.SampleCount:10.0]]
[2023.02.08-16.16.58:043][  0]LogConfig: Setting CVar [[r.SkyAtmosphere.MultiScatteringLUT.SampleCount:15.0]]
[2023.02.08-16.16.58:044][  0]LogConfig: Setting CVar [[r.SkyLight.RealTimeReflectionCapture:1]]
[2023.02.08-16.16.58:044][  0]LogConfig: Setting CVar [[fx.Niagara.QualityLevel:3]]
[2023.02.08-16.16.58:044][  0]LogConfig: Applying CVar settings from Section [FoliageQuality@3] File [../../../AFSteamExample/Saved/Config/WindowsNoEditor/Scalability.ini]
[2023.02.08-16.16.58:044][  0]LogConfig: Setting CVar [[foliage.DensityScale:1.0]]
[2023.02.08-16.16.58:044][  0]LogConfig: Setting CVar [[grass.DensityScale:1.0]]
[2023.02.08-16.16.58:044][  0]LogConfig: Applying CVar settings from Section [ShadingQuality@3] File [../../../AFSteamExample/Saved/Config/WindowsNoEditor/Scalability.ini]
[2023.02.08-16.16.58:044][  0]LogConfig: Setting CVar [[r.HairStrands.SkyLighting.IntegrationType:2]]
[2023.02.08-16.16.58:044][  0]LogConfig: Setting CVar [[r.HairStrands.SkyAO.SampleCount:4]]
[2023.02.08-16.16.58:044][  0]LogConfig: Setting CVar [[r.HairStrands.Visibility.MSAA.SamplePerPixel:4]]
[2023.02.08-16.16.58:044][  0]LogConfig: Applying CVar settings from Section [Startup] File [../../../Engine/Config/ConsoleVariables.ini]
[2023.02.08-16.16.58:045][  0]LogConfig: Setting CVar [[net.UseAdaptiveNetUpdateFrequency:0]]
[2023.02.08-16.16.58:045][  0]LogConfig: Setting CVar [[p.chaos.AllowCreatePhysxBodies:1]]
[2023.02.08-16.16.58:045][  0]LogConfig: Setting CVar [[fx.SkipVectorVMBackendOptimizations:1]]
[2023.02.08-16.16.58:045][  0]LogConfig: Applying CVar settings from Section [ConsoleVariables] File [../../../AFSteamExample/Saved/Config/WindowsNoEditor/Engine.ini]
[2023.02.08-16.16.58:045][  0]LogInit: Computer: GIL-MOR
[2023.02.08-16.16.58:046][  0]LogInit: User: GilMor
[2023.02.08-16.16.58:046][  0]LogInit: CPU Page size=4096, Cores=4
[2023.02.08-16.16.58:046][  0]LogInit: High frequency timer resolution =10.000000 MHz
[2023.02.08-16.16.58:046][  0]LogMemory: Memory total: Physical=15.9GB (16GB approx)
[2023.02.08-16.16.58:046][  0]LogMemory: Platform Memory Stats for WindowsNoEditor
[2023.02.08-16.16.58:046][  0]LogMemory: Process Physical Memory: 105.82 MB used, 105.82 MB peak
[2023.02.08-16.16.58:046][  0]LogMemory: Process Virtual Memory: 90.57 MB used, 90.57 MB peak
[2023.02.08-16.16.58:047][  0]LogMemory: Physical Memory: 13016.50 MB used,  3217.46 MB free, 16233.95 MB total
[2023.02.08-16.16.58:047][  0]LogMemory: Virtual Memory: 134202736.00 MB used,  14991.10 MB free, 134217728.00 MB total
[2023.02.08-16.16.58:063][  0]LogWindows: WindowsPlatformFeatures enabled
[2023.02.08-16.16.58:173][  0]LogInit: Physics initialised using underlying interface: PhysX
[2023.02.08-16.16.58:174][  0]LogInit: Using OS detected language (en-US).
[2023.02.08-16.16.58:174][  0]LogInit: Using OS detected locale (en-IL).
[2023.02.08-16.16.58:177][  0]LogTextLocalizationManager: No specific localization for 'en-US' exists, so the 'en' localization will be used.
[2023.02.08-16.16.58:291][  0]LogWindowsTextInputMethodSystem: Display: IME system deactivated.
[2023.02.08-16.16.58:488][  0]LogSlate: New Slate User Created.  User Index 0, Is Virtual User: 0
[2023.02.08-16.16.58:488][  0]LogSlate: Slate User Registered.  User Index 0, Is Virtual User: 0
[2023.02.08-16.16.58:693][  0]LogD3D11RHI: Loaded GFSDK_Aftermath_Lib.x64.dll
[2023.02.08-16.16.58:709][  0]LogHMD: Failed to initialize OpenVR with code 110
[2023.02.08-16.16.58:709][  0]LogD3D11RHI: D3D11 min allowed feature level: 11_0
[2023.02.08-16.16.58:709][  0]LogD3D11RHI: D3D11 max allowed feature level: 11_0
[2023.02.08-16.16.58:709][  0]LogD3D11RHI: D3D11 adapters:
[2023.02.08-16.16.58:856][  0]LogD3D11RHI:    0. 'Intel(R) UHD Graphics 620' (Feature Level 11_0)
[2023.02.08-16.16.58:856][  0]LogD3D11RHI:       128/0/8116 MB DedicatedVideo/DedicatedSystem/SharedSystem, Outputs:3, VendorId:0x8086
[2023.02.08-16.16.58:869][  0]LogD3D11RHI:    1. 'Microsoft Basic Render Driver' (Feature Level 11_0)
[2023.02.08-16.16.58:869][  0]LogD3D11RHI:       0/0/8116 MB DedicatedVideo/DedicatedSystem/SharedSystem, Outputs:0, VendorId:0x1414
[2023.02.08-16.16.58:869][  0]LogD3D11RHI: Chosen D3D11 Adapter:
[2023.02.08-16.16.58:870][  0]LogD3D11RHI:     Description : Intel(R) UHD Graphics 620
[2023.02.08-16.16.58:870][  0]LogD3D11RHI:     VendorId    : 8086
[2023.02.08-16.16.58:870][  0]LogD3D11RHI:     DeviceId    : 5917
[2023.02.08-16.16.58:870][  0]LogD3D11RHI:     SubSysId    : 225c17aa
[2023.02.08-16.16.58:870][  0]LogD3D11RHI:     Revision    : 0007
[2023.02.08-16.16.58:870][  0]LogD3D11RHI:     DedicatedVideoMemory : 134217728 bytes
[2023.02.08-16.16.58:870][  0]LogD3D11RHI:     DedicatedSystemMemory : 0 bytes
[2023.02.08-16.16.58:870][  0]LogD3D11RHI:     SharedSystemMemory : 8511266816 bytes
[2023.02.08-16.16.58:870][  0]LogD3D11RHI:     AdapterLuid : 0 218004
[2023.02.08-16.16.58:888][  0]LogD3D11RHI: Creating new Direct3DDevice
[2023.02.08-16.16.58:889][  0]LogD3D11RHI:     GPU DeviceId: 0x5917 (for the marketing name, search the web for "GPU Device Id")
[2023.02.08-16.16.58:889][  0]LogWindows: EnumDisplayDevices:
[2023.02.08-16.16.58:889][  0]LogWindows:    0. 'Intel(R) UHD Graphics 620' (P:0 D:1)
[2023.02.08-16.16.58:891][  0]LogWindows:    1. 'Intel(R) UHD Graphics 620' (P:1 D:1)
[2023.02.08-16.16.58:892][  0]LogWindows:    2. 'Intel(R) UHD Graphics 620' (P:0 D:1)
[2023.02.08-16.16.58:893][  0]LogWindows: DebugString: FoundDriverCount:3 
[2023.02.08-16.16.58:893][  0]LogD3D11RHI:     Adapter Name: Intel(R) UHD Graphics 620
[2023.02.08-16.16.58:893][  0]LogD3D11RHI:   Driver Version: 27.20.100.9749 (internal:27.20.100.9749, unified:27.20.100.9749)
[2023.02.08-16.16.58:893][  0]LogD3D11RHI:      Driver Date: 6-24-2021
[2023.02.08-16.16.58:893][  0]LogRHI: Texture pool is 1523 MB (70% of 2176 MB)
[2023.02.08-16.16.59:025][  0]LogD3D11RHI: Creating D3DDevice using adapter:
[2023.02.08-16.16.59:025][  0]LogD3D11RHI:     Description : Intel(R) UHD Graphics 620
[2023.02.08-16.16.59:025][  0]LogD3D11RHI:     VendorId    : 8086
[2023.02.08-16.16.59:025][  0]LogD3D11RHI:     DeviceId    : 5917
[2023.02.08-16.16.59:025][  0]LogD3D11RHI:     SubSysId    : 225c17aa
[2023.02.08-16.16.59:025][  0]LogD3D11RHI:     Revision    : 0007
[2023.02.08-16.16.59:025][  0]LogD3D11RHI:     DedicatedVideoMemory : 134217728 bytes
[2023.02.08-16.16.59:025][  0]LogD3D11RHI:     DedicatedSystemMemory : 0 bytes
[2023.02.08-16.16.59:025][  0]LogD3D11RHI:     SharedSystemMemory : 8511266816 bytes
[2023.02.08-16.16.59:025][  0]LogD3D11RHI:     AdapterLuid : 0 218004
[2023.02.08-16.16.59:147][  0]LogD3D11RHI: RHI does not have support for 64 bit atomics
[2023.02.08-16.16.59:179][  0]LogD3D11RHI: Intel Extensions support version Full=16777216, Major=1, Minor=0, Revision=0
[2023.02.08-16.16.59:179][  0]LogD3D11RHI: Intel Extensions support version Full=16777217, Major=1, Minor=0, Revision=1
[2023.02.08-16.16.59:184][  0]LogD3D11RHI: Intel Extensions Framework enabled
[2023.02.08-16.16.59:186][  0]LogD3D11RHI: [IntelMetricsDiscovery] Started
[2023.02.08-16.16.59:186][  0]LogD3D11RHI: Async texture creation enabled
[2023.02.08-16.16.59:186][  0]LogD3D11RHI: Array index from any shader is supported
[2023.02.08-16.16.59:209][  0]LogD3D11RHI: GPU Timing Frequency: 12.000048 (Debug: 2 0)
[2023.02.08-16.16.59:210][  0]LogRendererCore: Ray tracing is disabled. Reason: r.RayTracing=0.
[2023.02.08-16.16.59:212][  0]LogShaderLibrary: Display: Using ../../../AFSteamExample/Content/ShaderArchive-Global-PCD3D_SM5.ushaderbytecode for material shader code. Total 1951 unique shaders.
[2023.02.08-16.16.59:212][  0]LogShaderLibrary: Display: Cooked Context: Using Shared Shader Library Global
[2023.02.08-16.16.59:212][  0]LogShaderLibrary: Display: Logical shader library 'Global' has been created, components 1
[2023.02.08-16.16.59:212][  0]LogShaderLibrary: Display: Running without a pakfile and did not find a monolithic library 'Global_SC' - attempting disk search for its chunks
[2023.02.08-16.16.59:213][  0]LogShaderLibrary: Display:    ....  not found
[2023.02.08-16.16.59:213][  0]LogShaderLibrary: Display: Running without a pakfile and did not find a monolithic library 'Paper2D' - attempting disk search for its chunks
[2023.02.08-16.16.59:213][  0]LogShaderLibrary: Display:    ....  not found
[2023.02.08-16.16.59:214][  0]LogShaderLibrary: Display: Running without a pakfile and did not find a monolithic library 'Paper2D' - attempting disk search for its chunks
[2023.02.08-16.16.59:214][  0]LogShaderLibrary: Display:    ....  not found
[2023.02.08-16.16.59:214][  0]LogShaderLibrary: Display: Running without a pakfile and did not find a monolithic library 'AnimationSharing' - attempting disk search for its chunks
[2023.02.08-16.16.59:215][  0]LogShaderLibrary: Display:    ....  not found
[2023.02.08-16.16.59:215][  0]LogShaderLibrary: Display: Running without a pakfile and did not find a monolithic library 'AnimationSharing' - attempting disk search for its chunks
[2023.02.08-16.16.59:215][  0]LogShaderLibrary: Display:    ....  not found
[2023.02.08-16.16.59:215][  0]LogShaderLibrary: Display: Running without a pakfile and did not find a monolithic library 'GeometryMode' - attempting disk search for its chunks
[2023.02.08-16.16.59:216][  0]LogShaderLibrary: Display:    ....  not found
[2023.02.08-16.16.59:216][  0]LogShaderLibrary: Display: Running without a pakfile and did not find a monolithic library 'GeometryMode' - attempting disk search for its chunks
[2023.02.08-16.16.59:216][  0]LogShaderLibrary: Display:    ....  not found
[2023.02.08-16.16.59:216][  0]LogShaderLibrary: Display: Running without a pakfile and did not find a monolithic library 'DatasmithContent' - attempting disk search for its chunks
[2023.02.08-16.16.59:217][  0]LogShaderLibrary: Display:    ....  not found
[2023.02.08-16.16.59:217][  0]LogShaderLibrary: Display: Running without a pakfile and did not find a monolithic library 'DatasmithContent' - attempting disk search for its chunks
[2023.02.08-16.16.59:217][  0]LogShaderLibrary: Display:    ....  not found
[2023.02.08-16.16.59:217][  0]LogShaderLibrary: Display: Running without a pakfile and did not find a monolithic library 'SpeedTreeImporter' - attempting disk search for its chunks
[2023.02.08-16.16.59:217][  0]LogShaderLibrary: Display:    ....  not found
[2023.02.08-16.16.59:218][  0]LogShaderLibrary: Display: Running without a pakfile and did not find a monolithic library 'SpeedTreeImporter' - attempting disk search for its chunks
[2023.02.08-16.16.59:218][  0]LogShaderLibrary: Display:    ....  not found
[2023.02.08-16.16.59:218][  0]LogShaderLibrary: Display: Running without a pakfile and did not find a monolithic library 'ChaosClothEditor' - attempting disk search for its chunks
[2023.02.08-16.16.59:219][  0]LogShaderLibrary: Display:    ....  not found
[2023.02.08-16.16.59:219][  0]LogShaderLibrary: Display: Running without a pakfile and did not find a monolithic library 'ChaosClothEditor' - attempting disk search for its chunks
[2023.02.08-16.16.59:219][  0]LogShaderLibrary: Display:    ....  not found
[2023.02.08-16.16.59:219][  0]LogShaderLibrary: Display: Running without a pakfile and did not find a monolithic library 'ChaosNiagara' - attempting disk search for its chunks
[2023.02.08-16.16.59:220][  0]LogShaderLibrary: Display:    ....  not found
[2023.02.08-16.16.59:220][  0]LogShaderLibrary: Display: Running without a pakfile and did not find a monolithic library 'ChaosNiagara' - attempting disk search for its chunks
[2023.02.08-16.16.59:220][  0]LogShaderLibrary: Display:    ....  not found
[2023.02.08-16.16.59:220][  0]LogShaderLibrary: Display: Running without a pakfile and did not find a monolithic library 'GeometryCollectionPlugin' - attempting disk search for its chunks
[2023.02.08-16.16.59:221][  0]LogShaderLibrary: Display:    ....  not found
[2023.02.08-16.16.59:221][  0]LogShaderLibrary: Display: Running without a pakfile and did not find a monolithic library 'GeometryCollectionPlugin' - attempting disk search for its chunks
[2023.02.08-16.16.59:221][  0]LogShaderLibrary: Display:    ....  not found
[2023.02.08-16.16.59:221][  0]LogShaderLibrary: Display: Running without a pakfile and did not find a monolithic library 'GeometryProcessing' - attempting disk search for its chunks
[2023.02.08-16.16.59:222][  0]LogShaderLibrary: Display:    ....  not found
[2023.02.08-16.16.59:222][  0]LogShaderLibrary: Display: Running without a pakfile and did not find a monolithic library 'GeometryProcessing' - attempting disk search for its chunks
[2023.02.08-16.16.59:222][  0]LogShaderLibrary: Display:    ....  not found
[2023.02.08-16.16.59:222][  0]LogShaderLibrary: Display: Running without a pakfile and did not find a monolithic library 'MotoSynth' - attempting disk search for its chunks
[2023.02.08-16.16.59:223][  0]LogShaderLibrary: Display:    ....  not found
[2023.02.08-16.16.59:223][  0]LogShaderLibrary: Display: Running without a pakfile and did not find a monolithic library 'MotoSynth' - attempting disk search for its chunks
[2023.02.08-16.16.59:223][  0]LogShaderLibrary: Display:    ....  not found
[2023.02.08-16.16.59:223][  0]LogShaderLibrary: Display: Running without a pakfile and did not find a monolithic library 'PythonScriptPlugin' - attempting disk search for its chunks
[2023.02.08-16.16.59:224][  0]LogShaderLibrary: Display:    ....  not found
[2023.02.08-16.16.59:224][  0]LogShaderLibrary: Display: Running without a pakfile and did not find a monolithic library 'PythonScriptPlugin' - attempting disk search for its chunks
[2023.02.08-16.16.59:224][  0]LogShaderLibrary: Display:    ....  not found
[2023.02.08-16.16.59:224][  0]LogShaderLibrary: Display: Running without a pakfile and did not find a monolithic library 'Niagara' - attempting disk search for its chunks
[2023.02.08-16.16.59:225][  0]LogShaderLibrary: Display:    ....  not found
[2023.02.08-16.16.59:225][  0]LogShaderLibrary: Display: Running without a pakfile and did not find a monolithic library 'Niagara' - attempting disk search for its chunks
[2023.02.08-16.16.59:225][  0]LogShaderLibrary: Display:    ....  not found
[2023.02.08-16.16.59:225][  0]LogShaderLibrary: Display: Running without a pakfile and did not find a monolithic library 'MagicLeap' - attempting disk search for its chunks
[2023.02.08-16.16.59:226][  0]LogShaderLibrary: Display:    ....  not found
[2023.02.08-16.16.59:226][  0]LogShaderLibrary: Display: Running without a pakfile and did not find a monolithic library 'MagicLeap' - attempting disk search for its chunks
[2023.02.08-16.16.59:226][  0]LogShaderLibrary: Display:    ....  not found
[2023.02.08-16.16.59:226][  0]LogShaderLibrary: Display: Running without a pakfile and did not find a monolithic library 'MagicLeapPassableWorld' - attempting disk search for its chunks
[2023.02.08-16.16.59:227][  0]LogShaderLibrary: Display:    ....  not found
[2023.02.08-16.16.59:227][  0]LogShaderLibrary: Display: Running without a pakfile and did not find a monolithic library 'MagicLeapPassableWorld' - attempting disk search for its chunks
[2023.02.08-16.16.59:227][  0]LogShaderLibrary: Display:    ....  not found
[2023.02.08-16.16.59:228][  0]LogShaderLibrary: Display: Running without a pakfile and did not find a monolithic library 'MediaCompositing' - attempting disk search for its chunks
[2023.02.08-16.16.59:228][  0]LogShaderLibrary: Display:    ....  not found
[2023.02.08-16.16.59:228][  0]LogShaderLibrary: Display: Running without a pakfile and did not find a monolithic library 'MediaCompositing' - attempting disk search for its chunks
[2023.02.08-16.16.59:228][  0]LogShaderLibrary: Display:    ....  not found
[2023.02.08-16.16.59:229][  0]LogShaderLibrary: Display: Running without a pakfile and did not find a monolithic library 'ChaosSolverPlugin' - attempting disk search for its chunks
[2023.02.08-16.16.59:229][  0]LogShaderLibrary: Display:    ....  not found
[2023.02.08-16.16.59:229][  0]LogShaderLibrary: Display: Running without a pakfile and did not find a monolithic library 'ChaosSolverPlugin' - attempting disk search for its chunks
[2023.02.08-16.16.59:229][  0]LogShaderLibrary: Display:    ....  not found
[2023.02.08-16.16.59:229][  0]LogShaderLibrary: Display: Running without a pakfile and did not find a monolithic library 'AudioSynesthesia' - attempting disk search for its chunks
[2023.02.08-16.16.59:230][  0]LogShaderLibrary: Display:    ....  not found
[2023.02.08-16.16.59:230][  0]LogShaderLibrary: Display: Running without a pakfile and did not find a monolithic library 'AudioSynesthesia' - attempting disk search for its chunks
[2023.02.08-16.16.59:230][  0]LogShaderLibrary: Display:    ....  not found
[2023.02.08-16.16.59:230][  0]LogShaderLibrary: Display: Running without a pakfile and did not find a monolithic library 'OpenXR' - attempting disk search for its chunks
[2023.02.08-16.16.59:231][  0]LogShaderLibrary: Display:    ....  not found
[2023.02.08-16.16.59:231][  0]LogShaderLibrary: Display: Running without a pakfile and did not find a monolithic library 'OpenXR' - attempting disk search for its chunks
[2023.02.08-16.16.59:231][  0]LogShaderLibrary: Display:    ....  not found
[2023.02.08-16.16.59:232][  0]LogShaderLibrary: Display: Running without a pakfile and did not find a monolithic library 'OpenXREyeTracker' - attempting disk search for its chunks
[2023.02.08-16.16.59:232][  0]LogShaderLibrary: Display:    ....  not found
[2023.02.08-16.16.59:232][  0]LogShaderLibrary: Display: Running without a pakfile and did not find a monolithic library 'OpenXREyeTracker' - attempting disk search for its chunks
[2023.02.08-16.16.59:232][  0]LogShaderLibrary: Display:    ....  not found
[2023.02.08-16.16.59:233][  0]LogShaderLibrary: Display: Running without a pakfile and did not find a monolithic library 'OpenXRHandTracking' - attempting disk search for its chunks
[2023.02.08-16.16.59:233][  0]LogShaderLibrary: Display:    ....  not found
[2023.02.08-16.16.59:233][  0]LogShaderLibrary: Display: Running without a pakfile and did not find a monolithic library 'OpenXRHandTracking' - attempting disk search for its chunks
[2023.02.08-16.16.59:233][  0]LogShaderLibrary: Display:    ....  not found
[2023.02.08-16.16.59:234][  0]LogShaderLibrary: Display: Running without a pakfile and did not find a monolithic library 'Synthesis' - attempting disk search for its chunks
[2023.02.08-16.16.59:234][  0]LogShaderLibrary: Display:    ....  not found
[2023.02.08-16.16.59:234][  0]LogShaderLibrary: Display: Running without a pakfile and did not find a monolithic library 'Synthesis' - attempting disk search for its chunks
[2023.02.08-16.16.59:234][  0]LogShaderLibrary: Display:    ....  not found
[2023.02.08-16.16.59:234][  0]LogShaderLibrary: Display: Running without a pakfile and did not find a monolithic library 'Takes' - attempting disk search for its chunks
[2023.02.08-16.16.59:235][  0]LogShaderLibrary: Display:    ....  not found
[2023.02.08-16.16.59:235][  0]LogShaderLibrary: Display: Running without a pakfile and did not find a monolithic library 'Takes' - attempting disk search for its chunks
[2023.02.08-16.16.59:235][  0]LogShaderLibrary: Display:    ....  not found
[2023.02.08-16.16.59:235][  0]LogShaderLibrary: Display: Running without a pakfile and did not find a monolithic library 'OculusVR' - attempting disk search for its chunks
[2023.02.08-16.16.59:236][  0]LogShaderLibrary: Display:    ....  not found
[2023.02.08-16.16.59:236][  0]LogShaderLibrary: Display: Running without a pakfile and did not find a monolithic library 'OculusVR' - attempting disk search for its chunks
[2023.02.08-16.16.59:237][  0]LogShaderLibrary: Display:    ....  not found
[2023.02.08-16.16.59:237][  0]LogShaderLibrary: Display: Running without a pakfile and did not find a monolithic library 'SteamVR' - attempting disk search for its chunks
[2023.02.08-16.16.59:237][  0]LogShaderLibrary: Display:    ....  not found
[2023.02.08-16.16.59:238][  0]LogShaderLibrary: Display: Running without a pakfile and did not find a monolithic library 'SteamVR' - attempting disk search for its chunks
[2023.02.08-16.16.59:238][  0]LogShaderLibrary: Display:    ....  not found
[2023.02.08-16.16.59:238][  0]LogTemp: Warning: Clearing the OS Cache
[2023.02.08-16.16.59:238][  0]LogODSC: ODSC Thread active.
[2023.02.08-16.16.59:308][  0]LogSlate: Using FreeType 2.10.0
[2023.02.08-16.16.59:310][  0]LogSlate: SlateFontServices - WITH_FREETYPE: 1, WITH_HARFBUZZ: 1
[2023.02.08-16.16.59:416][  0]LogShaderLibrary: Display: Using ../../../AFSteamExample/Content/ShaderArchive-AFSteamExample-PCD3D_SM5.ushaderbytecode for material shader code. Total 2352 unique shaders.
[2023.02.08-16.16.59:417][  0]LogShaderLibrary: Display: Cooked Context: Using Shared Shader Library AFSteamExample
[2023.02.08-16.16.59:417][  0]LogShaderLibrary: Display: Logical shader library 'AFSteamExample' has been created, components 1
[2023.02.08-16.16.59:417][  0]LogRHI: Display: Opened pipeline cache after state change and enqueued 0 of 0 tasks for precompile.
[2023.02.08-16.16.59:417][  0]LogRHI: Display: Failed to open default shader pipeline cache for AFSteamExample using shader platform 0.
[2023.02.08-16.16.59:418][  0]LogRHI: Display: Failed to open default shader pipeline cache for AFSteamExample using shader platform 0.
[2023.02.08-16.16.59:418][  0]LogInit: Using OS detected language (en-US).
[2023.02.08-16.16.59:418][  0]LogInit: Using OS detected locale (en-IL).
[2023.02.08-16.16.59:418][  0]LogTextLocalizationManager: No localization for 'en-US' exists, so 'en' will be used for the language.
[2023.02.08-16.16.59:419][  0]LogTextLocalizationManager: No localization for 'en-IL' exists, so 'en' will be used for the locale.
[2023.02.08-16.16.59:419][  0]LogSlate: FontCache flush requested. Reason: Culture for localization was changed
[2023.02.08-16.16.59:419][  0]LogSlate: FontCache flush requested. Reason: Culture for localization was changed
[2023.02.08-16.16.59:424][  0]LogTextLocalizationManager: Compacting localization data took   2.45ms
[2023.02.08-16.16.59:424][  0]LogAssetRegistry: FAssetRegistry took 0.0036 seconds to start up
[2023.02.08-16.16.59:700][  0]LogStreaming: Display: FlushAsyncLoading: 1 QueuedPackages, 0 AsyncPackages
[2023.02.08-16.16.59:701][  0]LogPackageLocalizationCache: Processed 26 localized package path(s) for 1 prioritized culture(s) in 0.000291 seconds
[2023.02.08-16.16.59:723][  0]LogSerialization: Display: AllowBulkDataInIoStore: 'true'
[2023.02.08-16.16.59:724][  0]LogInit: Selected Device Profile: [WindowsNoEditor]
[2023.02.08-16.16.59:725][  0]LogInit: Active device profile: [000001CB71F8E440][000001CB6445DB70 49] WindowsNoEditor
[2023.02.08-16.16.59:725][  0]LogInit: Profiles: [000001CB71F8E740][000001CB6FB40010 49] Windows, [000001CB71F8E440][000001CB6445DB70 49] WindowsNoEditor, 
[2023.02.08-16.16.59:931][  0]LogNetVersion: AFSteamExample 1.0.0, NetCL: 17155196, EngineNetVer: 17, GameNetVer: 0 (Checksum: 2601046305)
[2023.02.08-16.17.00:077][  0]LogAudioCaptureCore: Display: No Audio Capture implementations found. Audio input will be silent.
[2023.02.08-16.17.00:077][  0]LogAudioCaptureCore: Display: No Audio Capture implementations found. Audio input will be silent.
[2023.02.08-16.17.00:081][  0]LogHMD: PokeAHoleMaterial loaded successfully
[2023.02.08-16.17.00:216][  0]LogMoviePlayer: Initializing movie player
[2023.02.08-16.17.00:217][  0]LogNiagaraDebuggerClient: Niagara Debugger Client Initialized | Session: 0C99F28E4A8F21AC487AE4BD11C66A12 | Instance: D9A54BB3474E9779CD8A10996F263990 (GIL-MOR-17888).
[2023.02.08-16.17.00:222][  0]LogAndroidPermission: UAndroidPermissionCallbackProxy::GetInstance
[2023.02.08-16.17.00:222][  0]LogOcInput: OculusInput pre-init called
[2023.02.08-16.17.00:236][  0]LogUObjectArray: 15959 objects as part of root set at end of initial load.
[2023.02.08-16.17.00:236][  0]LogUObjectArray: 2 objects are not in the root set, but can never be destroyed because they are in the DisregardForGC set.
[2023.02.08-16.17.00:236][  0]LogUObjectAllocator: 3318136 out of 0 bytes used by permanent object pool.
[2023.02.08-16.17.00:236][  0]LogUObjectArray: CloseDisregardForGC: 15959/15959 objects in disregard for GC pool
[2023.02.08-16.17.00:238][  0]LogEngine: Initializing Engine...
[2023.02.08-16.17.00:258][  0]LogHMD: Failed to enumerate extensions. Please check that you have a valid OpenXR runtime installed.
[2023.02.08-16.17.00:259][  0]LogHMD: Failed to initialize OpenVR with code 110
[2023.02.08-16.17.00:262][  0]LogStats: UGameplayTagsManager::InitializeManager -  0.001 s
[2023.02.08-16.17.00:401][  0]LogInit: Initializing FReadOnlyCVARCache
[2023.02.08-16.17.00:401][  0]LogAudio: Display: Initializing Audio Device Manager...
[2023.02.08-16.17.00:401][  0]LogAudio: Display: Loading Default Audio Settings Objects...
[2023.02.08-16.17.00:403][  0]LogAudio: Display: No default SoundConcurrencyObject specified (or failed to load).
[2023.02.08-16.17.00:403][  0]LogAudio: Display: Audio Device Manager Initialized
[2023.02.08-16.17.00:404][  0]LogAudio: Display: Creating Audio Device:                 Id: 1, Scope: Shared, Realtime: True
[2023.02.08-16.17.00:404][  0]LogAudioMixer: Display: Audio Mixer Platform Settings:
[2023.02.08-16.17.00:404][  0]LogAudioMixer: Display: 	Sample Rate:						  48000
[2023.02.08-16.17.00:404][  0]LogAudioMixer: Display: 	Callback Buffer Frame Size Requested: 1024
[2023.02.08-16.17.00:404][  0]LogAudioMixer: Display: 	Callback Buffer Frame Size To Use:	  1024
[2023.02.08-16.17.00:404][  0]LogAudioMixer: Display: 	Number of buffers to queue:			  2
[2023.02.08-16.17.00:404][  0]LogAudioMixer: Display: 	Max Channels (voices):				  32
[2023.02.08-16.17.00:404][  0]LogAudioMixer: Display: 	Number of Async Source Workers:		  0
[2023.02.08-16.17.00:404][  0]LogAudio: Display: AudioDevice MaxSources: 32
[2023.02.08-16.17.00:404][  0]LogAudio: Display: Audio Spatialization Plugin: None (built-in).
[2023.02.08-16.17.00:405][  0]LogAudio: Display: Audio Reverb Plugin: None (built-in).
[2023.02.08-16.17.00:405][  0]LogAudio: Display: Audio Occlusion Plugin: None (built-in).
[2023.02.08-16.17.00:405][  0]LogAudioMixer: Display: Initializing audio mixer.
[2023.02.08-16.17.00:457][  0]LogAudioDebug: Display: Lib vorbis DLL was dynamically loaded.
[2023.02.08-16.17.00:576][  0]LogAudioMixer: Display: 0: FrontLeft
[2023.02.08-16.17.00:576][  0]LogAudioMixer: Display: 1: FrontRight
[2023.02.08-16.17.00:630][  0]LogAudioMixer: Display: Using Audio Device DELL U2518D (2- Intel(R) Display Audio)
[2023.02.08-16.17.00:631][  0]LogAudioMixer: Display: Initializing Sound Submixes...
[2023.02.08-16.17.00:636][  0]LogAudioMixer: Display: Creating Master Submix 'MasterSubmixDefault'
[2023.02.08-16.17.00:636][  0]LogAudioMixer: Display: Creating Master Submix 'MasterReverbSubmixDefault'
[2023.02.08-16.17.00:639][  0]LogAudioMixer: Display: Creating Master Submix 'MasterEQSubmixDefault'
[2023.02.08-16.17.00:639][  0]LogAudioMixer: FMixerPlatformXAudio2::StartAudioStream() called
[2023.02.08-16.17.00:639][  0]LogAudioMixer: Display: Output buffers initialized: Frames=1024, Channels=2, Samples=2048
[2023.02.08-16.17.00:640][  0]LogAudioMixer: Display: Starting AudioMixerPlatformInterface::RunInternal()
[2023.02.08-16.17.00:640][  0]LogAudioMixer: Display: FMixerPlatformXAudio2::SubmitBuffer() called for the first time
[2023.02.08-16.17.00:640][  0]LogInit: FAudioDevice initialized.
[2023.02.08-16.17.00:642][  0]LogNetVersion: Set ProjectVersion to 1.0.0.0. Version Checksum will be recalculated on next use.
[2023.02.08-16.17.00:642][  0]LogInit: Texture streaming: Enabled
[2023.02.08-16.17.00:649][  0]LogAudio: Display: Audio Device (ID: 1) registered with world 'Untitled'.
[2023.02.08-16.17.00:650][  0]LogSlate: Updating window title bar state: overlay mode, drag disabled, window buttons hidden, title bar hidden
[2023.02.08-16.17.00:650][  0]LogInit: Display: Game Engine Initialized.
[2023.02.08-16.17.00:651][  0]LogInit: Display: Starting Game.
[2023.02.08-16.17.00:652][  0]LogNet: Browse: /Game/FirstPersonCPP/Maps/FirstPersonExampleMap?Name=Player
[2023.02.08-16.17.00:652][  0]LogLoad: LoadMap: /Game/FirstPersonCPP/Maps/FirstPersonExampleMap?Name=Player
[2023.02.08-16.17.00:652][  0]LogWorld: BeginTearingDown for /Temp/Untitled_0
[2023.02.08-16.17.00:655][  0]LogWorld: UWorld::CleanupWorld for Untitled, bSessionEnded=true, bCleanupResources=true
[2023.02.08-16.17.00:655][  0]LogSlate: InvalidateAllWidgets triggered.  All widgets were invalidated
[2023.02.08-16.17.00:660][  0]LogAudio: Display: Audio Device unregistered from world 'None'.
[2023.02.08-16.17.00:664][  0]LogUObjectHash: Compacting FUObjectHashTables data took   2.12ms
[2023.02.08-16.17.00:723][  0]LogAudio: Display: Audio Device (ID: 1) registered with world 'FirstPersonExampleMap'.
[2023.02.08-16.17.00:727][  0]LogAIModule: Creating AISystem for world FirstPersonExampleMap
[2023.02.08-16.17.00:727][  0]LogLoad: Game class is 'AFSteamExampleGameMode'
[2023.02.08-16.17.00:733][  0]LogWorld: Bringing World /Game/FirstPersonCPP/Maps/FirstPersonExampleMap.FirstPersonExampleMap up for play (max tick rate 0) at 2023.02.08-18.17.00
[2023.02.08-16.17.00:734][  0]LogWorld: Bringing up level for play took: 0.005314
[2023.02.08-16.17.00:738][  0]LogTemp: Warning: AF Steam Module: test
[2023.02.08-16.17.00:739][  0]LogTemp: Warning: Loaded File: Successful
[2023.02.08-16.17.00:739][  0]LogTemp: Warning: FileManipulation: Found string c27e8e29-1037-5a48-6000-97804ebf6981
[2023.02.08-16.17.00:739][  0]LogTemp: Warning: FileManipulation: Found string 1
[2023.02.08-16.17.00:739][  0]LogTemp: Warning: FileManipulation: Found string c27e8e29-1037-5a48-6000-97804ebf6981
[2023.02.08-16.17.00:739][  0]LogTemp: Warning: FileManipulation: Found string 1
[2023.02.08-16.17.00:741][  0]LogTemp: Warning: AF Connector: sending first open http req
[2023.02.08-16.17.00:743][  0]LogLoad: Took 0.091144 seconds to LoadMap(/Game/FirstPersonCPP/Maps/FirstPersonExampleMap)
[2023.02.08-16.17.01:379][  0]LogSlate: Took 0.000997 seconds to synchronously load lazily loaded font '../../../Engine/Content/Slate/Fonts/Roboto-Regular.ttf' (155K)
[2023.02.08-16.17.01:743][  0]LogTemp: Warning: AF Connector: on callback
[2023.02.08-16.17.01:743][  0]LogTemp: Warning: AF Connector: on callback success
[2023.02.08-16.17.01:743][  0]LogTemp: Warning: Loaded File: Successful
[2023.02.08-16.17.01:743][  0]LogTemp: Warning: FileManipulation: Found string c27e8e29-1037-5a48-6000-97804ebf6981
[2023.02.08-16.17.01:743][  0]LogTemp: Warning: FileManipulation: Found string 1
[2023.02.08-16.17.01:743][  0]LogTemp: Warning: FileManipulation: Found string c27e8e29-1037-5a48-6000-97804ebf6981
[2023.02.08-16.17.01:743][  0]LogTemp: Warning: FileManipulation: Found string 1
[2023.02.08-16.17.01:743][  0]LogTemp: Warning: Length of data array: 2
[2023.02.08-16.17.01:743][  0]LogTemp: Warning: SAVED ITEM 1: c27e8e29-1037-5a48-6000-97804ebf6981
[2023.02.08-16.17.01:743][  0]LogTemp: Warning: SAVED ITEM 2: 2
[2023.02.08-16.17.01:743][  0]LogTemp: Warning: Saved File: Successful
[2023.02.08-16.17.01:743][  0]LogTemp: Warning: Saved to: ../../../AFSteamExample/appsflyer_info.txt
[2023.02.08-16.17.01:743][  0]LogTemp: Warning: Loaded File: Successful
[2023.02.08-16.17.01:743][  0]LogTemp: Warning: FileManipulation: Found string c27e8e29-1037-5a48-6000-97804ebf6981
[2023.02.08-16.17.01:743][  0]LogTemp: Warning: FileManipulation: Found string 2
[2023.02.08-16.17.01:743][  0]LogTemp: Warning: FileManipulation: Found string c27e8e29-1037-5a48-6000-97804ebf6981
[2023.02.08-16.17.01:743][  0]LogTemp: Warning: FileManipulation: Found string 2
[2023.02.08-16.17.01:743][  0]LogRenderer: Reallocating scene render targets to support 1536x864 Format 10 NumSamples 1 (Frame:1).
[2023.02.08-16.17.01:743][  0]LogRHI: Display: ShaderPipelineCache: Paused Batching. 1
[2023.02.08-16.17.01:744][  0]LogRHI: Display: ShaderPipelineCache: Resumed Batching. 0
[2023.02.08-16.17.01:744][  0]LogRHI: Display: ShaderPipelineCache: Batching Resumed.
[2023.02.08-16.17.01:744][  0]LogInit: Display: Engine is initialized. Leaving FEngineLoop::Init()
[2023.02.08-16.17.01:744][  0]LogLoad: (Engine Initialization) Total time: 5.39 seconds
[2023.02.08-16.17.06:279][  0]LogContentStreaming: Texture pool size now 1000 MB
[2023.02.08-16.17.06:281][  0]LogSlate: InvalidateAllWidgets triggered.  All widgets were invalidated
[2023.02.08-16.17.06:651][  0]LogRenderer: Reallocating scene render targets to support 128x128 Format 10 NumSamples 1 (Frame:1).
[2023.02.08-16.17.07:265][  0]LogRenderer: Reallocating scene render targets to support 1536x864 Format 10 NumSamples 1 (Frame:2).
[2023.02.08-16.17.08:035][  0]LogSlate: Slate font cache was flushed
[2023.02.08-16.17.08:042][  1]LogSlate: Took 0.001042 seconds to synchronously load lazily loaded font '../../../Engine/Content/Slate/Fonts/Roboto-Regular.ttf' (155K)
[2023.02.08-16.17.12:261][ 63]LogAudioMixer: Display: Audio Buffer Underrun (starvation) detected.
[2023.02.08-16.17.23:436][229]LogSlate: Request Window 'AFSteamExample (64-bit Development PCD3D_SM5) ' being destroyed
[2023.02.08-16.17.23:602][229]LogSlate: Window 'AFSteamExample (64-bit Development PCD3D_SM5) ' being destroyed
[2023.02.08-16.17.23:606][229]LogWindowsTextInputMethodSystem: Display: IME system deactivated.
[2023.02.08-16.17.23:659][230]LogSlate: Updating window title bar state: overlay mode, drag disabled, window buttons hidden, title bar hidden
[2023.02.08-16.17.23:659][230]LogEngine: All Windows Closed
[2023.02.08-16.17.23:659][230]LogWindows: FPlatformMisc::RequestExit(0)
[2023.02.08-16.17.23:660][230]LogWindows: FPlatformMisc::RequestExitWithStatus(0, 0)
[2023.02.08-16.17.23:660][230]LogCore: Engine exit requested (reason: Win RequestExit)
[2023.02.08-16.17.23:661][231]LogCore: Engine exit requested (reason: EngineExit() was called; note: exit was already requested)
[2023.02.08-16.17.23:662][231]LogInit: Display: PreExit Game.
[2023.02.08-16.17.23:711][231]LogWorld: BeginTearingDown for /Game/FirstPersonCPP/Maps/FirstPersonExampleMap
[2023.02.08-16.17.23:711][231]LogWorld: UWorld::CleanupWorld for FirstPersonExampleMap, bSessionEnded=true, bCleanupResources=true
[2023.02.08-16.17.23:713][231]LogSlate: InvalidateAllWidgets triggered.  All widgets were invalidated
[2023.02.08-16.17.24:277][231]LogAudio: Display: Beginning Audio Device Manager Shutdown (Module: AudioMixerXAudio2)...
[2023.02.08-16.17.24:277][231]LogAudio: Display: Destroying 1 Remaining Audio Device(s)...
[2023.02.08-16.17.24:277][231]LogAudio: Display: Audio Device unregistered from world 'FirstPersonExampleMap'.
[2023.02.08-16.17.24:278][231]LogAudioMixer: FMixerPlatformXAudio2::StopAudioStream() called
[2023.02.08-16.17.24:279][231]LogAudioMixer: FMixerPlatformXAudio2::StopAudioStream() called
[2023.02.08-16.17.24:295][231]LogAudio: Display: Audio Device Manager Shutdown
[2023.02.08-16.17.24:304][231]LogExit: Preparing to exit.
[2023.02.08-16.17.24:304][231]LogMoviePlayer: Shutting down movie player
[2023.02.08-16.17.24:313][231]LogSlate: Updating window title bar state: overlay mode, drag disabled, window buttons hidden, title bar hidden
[2023.02.08-16.17.24:331][231]LogDemo: Cleaned up 0 splitscreen connections with owner deletion
[2023.02.08-16.17.24:337][231]LogExit: Game engine shut down
[2023.02.08-16.17.24:392][231]LogExit: Object subsystem successfully closed.
[2023.02.08-16.17.24:439][231]LogModuleManager: Shutting down and abandoning module AutomationController (364)
[2023.02.08-16.17.24:439][231]LogModuleManager: Shutting down and abandoning module AutomationWorker (362)
[2023.02.08-16.17.24:440][231]LogModuleManager: Shutting down and abandoning module Voice (360)
[2023.02.08-16.17.24:440][231]LogModuleManager: Shutting down and abandoning module AIModule (358)
[2023.02.08-16.17.24:440][231]LogModuleManager: Shutting down and abandoning module GameplayDebugger (357)
[2023.02.08-16.17.24:440][231]LogModuleManager: Shutting down and abandoning module NavigationSystem (355)
[2023.02.08-16.17.24:440][231]LogModuleManager: Shutting down and abandoning module OculusMR (352)
[2023.02.08-16.17.24:440][231]LogModuleManager: Shutting down and abandoning module OpenXRInput (350)
[2023.02.08-16.17.24:440][231]LogModuleManager: Shutting down and abandoning module WebMMediaFactory (348)
[2023.02.08-16.17.24:440][231]LogModuleManager: Shutting down and abandoning module WebMMedia (346)
[2023.02.08-16.17.24:440][231]LogModuleManager: Shutting down and abandoning module WmfMediaFactory (344)
[2023.02.08-16.17.24:440][231]LogModuleManager: Shutting down and abandoning module OpenExrWrapper (342)
[2023.02.08-16.17.24:440][231]LogModuleManager: Shutting down and abandoning module ImgMediaFactory (340)
[2023.02.08-16.17.24:440][231]LogModuleManager: Shutting down and abandoning module AvfMediaFactory (338)
[2023.02.08-16.17.24:440][231]LogModuleManager: Shutting down and abandoning module PlanarCut (336)
[2023.02.08-16.17.24:440][231]LogModuleManager: Shutting down and abandoning module CharacterAI (334)
[2023.02.08-16.17.24:440][231]LogModuleManager: Shutting down and abandoning module SessionServices (332)
[2023.02.08-16.17.24:440][231]LogModuleManager: Shutting down and abandoning module LiveCoding (330)
[2023.02.08-16.17.24:440][231]LogModuleManager: Shutting down and abandoning module LevelSequence (328)
[2023.02.08-16.17.24:440][231]LogModuleManager: Shutting down and abandoning module MovieSceneTracks (326)
[2023.02.08-16.17.24:440][231]LogModuleManager: Shutting down and abandoning module MovieScene (324)
[2023.02.08-16.17.24:440][231]LogModuleManager: Shutting down and abandoning module StreamingPauseRendering (322)
[2023.02.08-16.17.24:440][231]LogModuleManager: Shutting down and abandoning module AudioMixerXAudio2 (320)
[2023.02.08-16.17.24:440][231]LogModuleManager: Shutting down and abandoning module AudioMixerCore (319)
[2023.02.08-16.17.24:440][231]LogModuleManager: Shutting down and abandoning module ImageWriteQueue (316)
[2023.02.08-16.17.24:441][231]LogModuleManager: Shutting down and abandoning module ProfilerService (314)
[2023.02.08-16.17.24:659][231]LogModuleManager: Shutting down and abandoning module TaskGraph (312)
[2023.02.08-16.17.24:659][231]LogModuleManager: Shutting down and abandoning module OculusInput (310)
[2023.02.08-16.17.24:660][231]LogModuleManager: Shutting down and abandoning module BackChannel (308)
[2023.02.08-16.17.24:660][231]LogModuleManager: Shutting down and abandoning module TakeMovieScene (304)
[2023.02.08-16.17.24:660][231]LogModuleManager: Shutting down and abandoning module Synthesis (302)
[2023.02.08-16.17.24:660][231]LogModuleManager: Shutting down and abandoning module ProceduralMeshComponent (300)
[2023.02.08-16.17.24:660][231]LogModuleManager: Shutting down and abandoning module MobilePatchingUtils (298)
[2023.02.08-16.17.24:661][231]LogModuleManager: Shutting down and abandoning module GooglePAD (296)
[2023.02.08-16.17.24:661][231]LogModuleManager: Shutting down and abandoning module EditableMesh (294)
[2023.02.08-16.17.24:661][231]LogModuleManager: Shutting down and abandoning module CustomMeshComponent (292)
[2023.02.08-16.17.24:661][231]LogModuleManager: Shutting down and abandoning module CableComponent (290)
[2023.02.08-16.17.24:661][231]LogModuleManager: Shutting down and abandoning module AssetTags (288)
[2023.02.08-16.17.24:661][231]LogModuleManager: Shutting down and abandoning module AudioCapture (286)
[2023.02.08-16.17.24:661][231]LogModuleManager: Shutting down and abandoning module AudioCaptureRtAudio (285)
[2023.02.08-16.17.24:661][231]LogModuleManager: Shutting down and abandoning module ActorLayerUtilities (282)
[2023.02.08-16.17.24:661][231]LogModuleManager: Shutting down and abandoning module ArchVisCharacter (280)
[2023.02.08-16.17.24:661][231]LogModuleManager: Shutting down and abandoning module AppleImageUtils (278)
[2023.02.08-16.17.24:661][231]LogModuleManager: Shutting down and abandoning module AndroidPermission (276)
[2023.02.08-16.17.24:661][231]LogModuleManager: Shutting down and abandoning module TemplateSequence (274)
[2023.02.08-16.17.24:661][231]LogModuleManager: Shutting down and abandoning module MediaCompositing (272)
[2023.02.08-16.17.24:661][231]LogModuleManager: Shutting down and abandoning module ImgMedia (270)
[2023.02.08-16.17.24:661][231]LogModuleManager: Shutting down and abandoning module MagicLeapSharedWorld (268)
[2023.02.08-16.17.24:661][231]LogModuleManager: Shutting down and abandoning module MagicLeapLightEstimation (266)
[2023.02.08-16.17.24:662][231]LogModuleManager: Shutting down and abandoning module MagicLeapHelperVulkan (264)
[2023.02.08-16.17.24:662][231]LogModuleManager: Shutting down and abandoning module MagicLeapHelperOpenGL (262)
[2023.02.08-16.17.24:662][231]LogModuleManager: Shutting down and abandoning module MagicLeapAudio (260)
[2023.02.08-16.17.24:662][231]LogModuleManager: Shutting down and abandoning module OpenImageDenoise (258)
[2023.02.08-16.17.24:662][231]LogModuleManager: Shutting down and abandoning module MotoSynth (256)
[2023.02.08-16.17.24:662][231]LogModuleManager: Shutting down and abandoning module MeshConversion (254)
[2023.02.08-16.17.24:662][231]LogModuleManager: Shutting down and abandoning module DynamicMesh (252)
[2023.02.08-16.17.24:662][231]LogModuleManager: Shutting down and abandoning module GeometryAlgorithms (250)
[2023.02.08-16.17.24:662][231]LogModuleManager: Shutting down and abandoning module GeometricObjects (248)
[2023.02.08-16.17.24:662][231]LogModuleManager: Shutting down and abandoning module GeometryCacheTracks (246)
[2023.02.08-16.17.24:662][231]LogModuleManager: Shutting down and abandoning module GeometryCache (244)
[2023.02.08-16.17.24:662][231]LogModuleManager: Shutting down and abandoning module GeometryCollectionTracks (242)
[2023.02.08-16.17.24:662][231]LogModuleManager: Shutting down and abandoning module ChaosNiagara (240)
[2023.02.08-16.17.24:662][231]LogModuleManager: Shutting down and abandoning module AutomationUtils (238)
[2023.02.08-16.17.24:662][231]LogModuleManager: Shutting down and abandoning module UObjectPlugin (236)
[2023.02.08-16.17.24:662][231]LogModuleManager: Shutting down and abandoning module OodleNetworkHandlerComponent (234)
[2023.02.08-16.17.24:662][231]LogModuleManager: Shutting down and abandoning module LiveLinkMovieScene (232)
[2023.02.08-16.17.24:662][231]LogModuleManager: Shutting down and abandoning module LiveLinkComponents (230)
[2023.02.08-16.17.24:662][231]LogModuleManager: Shutting down and abandoning module LiveLink (228)
[2023.02.08-16.17.25:237][231]LogModuleManager: Shutting down and abandoning module AFSteamExample (226)
[2023.02.08-16.17.25:237][231]LogModuleManager: Shutting down and abandoning module SoundFields (224)
[2023.02.08-16.17.25:237][231]LogModuleManager: Shutting down and abandoning module SignificanceManager (222)
[2023.02.08-16.17.25:237][231]LogModuleManager: Shutting down and abandoning module RuntimePhysXCooking (220)
[2023.02.08-16.17.25:237][231]LogModuleManager: Shutting down and abandoning module LocationServicesBPLibrary (216)
[2023.02.08-16.17.25:237][231]LogModuleManager: Shutting down and abandoning module AudioSynesthesia (214)
[2023.02.08-16.17.25:237][231]LogModuleManager: Shutting down and abandoning module AudioSynesthesiaCore (212)
[2023.02.08-16.17.25:237][231]LogModuleManager: Shutting down and abandoning module ActorSequence (210)
[2023.02.08-16.17.25:237][231]LogModuleManager: Shutting down and abandoning module UdpMessaging (208)
[2023.02.08-16.17.25:237][231]LogModuleManager: Shutting down and abandoning module TcpMessaging (206)
[2023.02.08-16.17.25:238][231]LogModuleManager: Shutting down and abandoning module ImgMediaEngine (204)
[2023.02.08-16.17.25:238][231]LogModuleManager: Shutting down and abandoning module MagicLeapARPin (202)
[2023.02.08-16.17.25:238][231]LogModuleManager: Shutting down and abandoning module MagicLeapHandMeshing (200)
[2023.02.08-16.17.25:238][231]LogModuleManager: Shutting down and abandoning module MagicLeapSecureStorage (198)
[2023.02.08-16.17.25:238][231]LogModuleManager: Shutting down and abandoning module MagicLeapPrivileges (196)
[2023.02.08-16.17.25:238][231]LogModuleManager: Shutting down and abandoning module MagicLeapPlanes (194)
[2023.02.08-16.17.25:238][231]LogModuleManager: Shutting down and abandoning module MagicLeapImageTracker (192)
[2023.02.08-16.17.25:238][231]LogModuleManager: Shutting down and abandoning module MagicLeapIdentity (190)
[2023.02.08-16.17.25:238][231]LogModuleManager: Shutting down and abandoning module MagicLeapHandTracking (188)
[2023.02.08-16.17.25:238][231]LogModuleManager: Shutting down and abandoning module MagicLeapEyeTracker (186)
[2023.02.08-16.17.25:238][231]LogModuleManager: Shutting down and abandoning module MagicLeapController (184)
[2023.02.08-16.17.25:238][231]LogModuleManager: Shutting down and abandoning module MagicLeapARPinImpl (182)
[2023.02.08-16.17.25:238][231]LogModuleManager: Shutting down and abandoning module MagicLeapAR (180)
[2023.02.08-16.17.25:238][231]LogModuleManager: Shutting down and abandoning module NiagaraAnimNotifies (178)
[2023.02.08-16.17.25:238][231]LogModuleManager: Shutting down and abandoning module Niagara (176)
[2023.02.08-16.17.25:238][231]LogModuleManager: Shutting down and abandoning module SignalProcessing (175)
[2023.02.08-16.17.25:238][231]LogModuleManager: Shutting down and abandoning module NiagaraCore (172)
[2023.02.08-16.17.25:238][231]LogModuleManager: Shutting down and abandoning module FacialAnimation (170)
[2023.02.08-16.17.25:239][231]LogModuleManager: Shutting down and abandoning module AnimationSharing (168)
[2023.02.08-16.17.25:239][231]LogModuleManager: Shutting down and abandoning module GameplayCameras (166)
[2023.02.08-16.17.25:239][231]LogModuleManager: Shutting down and abandoning module LightPropagationVolumeRuntime (164)
[2023.02.08-16.17.25:239][231]LogModuleManager: Shutting down and abandoning module Paper2D (162)
[2023.02.08-16.17.25:239][231]LogModuleManager: Shutting down and abandoning module WindowsMoviePlayer (160)
[2023.02.08-16.17.25:240][231]LogModuleManager: Shutting down and abandoning module WebMMoviePlayer (158)
[2023.02.08-16.17.25:240][231]LogModuleManager: Shutting down and abandoning module NetworkReplayStreaming (156)
[2023.02.08-16.17.25:240][231]LogModuleManager: Shutting down and abandoning module PacketHandler (154)
[2023.02.08-16.17.25:240][231]LogModuleManager: Shutting down and abandoning module ClothingSystemRuntimeNv (152)
[2023.02.08-16.17.25:240][231]LogModuleManager: Shutting down and abandoning module MediaAssets (150)
[2023.02.08-16.17.25:240][231]LogModuleManager: Shutting down and abandoning module Overlay (148)
[2023.02.08-16.17.25:240][231]LogModuleManager: Shutting down and abandoning module FunctionalTesting (146)
[2023.02.08-16.17.25:240][231]LogModuleManager: Shutting down and abandoning module MessageLog (144)
[2023.02.08-16.17.25:240][231]LogModuleManager: Shutting down and abandoning module UMG (142)
[2023.02.08-16.17.25:240][231]LogModuleManager: Shutting down and abandoning module SlateReflector (140)
[2023.02.08-16.17.25:240][231]LogModuleManager: Shutting down and abandoning module Slate (138)
[2023.02.08-16.17.25:240][231]LogModuleManager: Shutting down and abandoning module SlateCore (136)
[2023.02.08-16.17.25:242][231]LogModuleManager: Shutting down and abandoning module MRMesh (134)
[2023.02.08-16.17.25:242][231]LogModuleManager: Shutting down and abandoning module Messaging (132)
[2023.02.08-16.17.25:242][231]LogModuleManager: Shutting down and abandoning module HeadMountedDisplay (130)
[2023.02.08-16.17.25:242][231]LogModuleManager: Shutting down and abandoning module XAudio2 (128)
[2023.02.08-16.17.25:242][231]LogModuleManager: Shutting down and abandoning module Networking (126)
[2023.02.08-16.17.25:242][231]LogModuleManager: Shutting down and abandoning module Core (124)
[2023.02.08-16.17.25:242][231]LogModuleManager: Shutting down and abandoning module FieldSystemEngine (122)
[2023.02.08-16.17.25:242][231]LogModuleManager: Shutting down and abandoning module ImageWrapper (118)
[2023.02.08-16.17.25:242][231]LogModuleManager: Shutting down and abandoning module D3D11RHI (116)
[2023.02.08-16.17.25:242][231]LogModuleManager: Shutting down and abandoning module InputCore (114)
[2023.02.08-16.17.25:242][231]LogModuleManager: Shutting down and abandoning module Settings (112)
[2023.02.08-16.17.25:243][231]LogModuleManager: Shutting down and abandoning module PhysXCooking (110)
[2023.02.08-16.17.25:243][231]LogModuleManager: Shutting down and abandoning module Chaos (108)
[2023.02.08-16.17.25:243][231]LogModuleManager: Shutting down and abandoning module WindowsPlatformFeatures (106)
[2023.02.08-16.17.25:243][231]LogModuleManager: Shutting down and abandoning module GameplayMediaEncoder (105)
[2023.02.08-16.17.25:243][231]LogModuleManager: Shutting down and abandoning module AVEncoder (104)
[2023.02.08-16.17.25:243][231]LogModuleManager: Shutting down and abandoning module SteamVRInputDevice (100)
[2023.02.08-16.17.25:243][231]LogModuleManager: Shutting down and abandoning module SteamVRInput (98)
[2023.02.08-16.17.25:243][231]LogModuleManager: Shutting down and abandoning module SteamVR (96)
[2023.02.08-16.17.25:243][231]LogHMD: Freeing OpenVRDLLHandle.
[2023.02.08-16.17.25:243][231]LogModuleManager: Shutting down and abandoning module OculusHMD (94)
[2023.02.08-16.17.25:243][231]LogModuleManager: Shutting down and abandoning module OpenXRHandTracking (92)
[2023.02.08-16.17.25:243][231]LogSlate: Slate User Destroyed.  User Index 0, Is Virtual User: 0
[2023.02.08-16.17.25:243][231]LogModuleManager: Shutting down and abandoning module OpenXREyeTracker (90)
[2023.02.08-16.17.25:243][231]LogModuleManager: Shutting down and abandoning module OpenXRAR (88)
[2023.02.08-16.17.25:243][231]LogModuleManager: Shutting down and abandoning module AugmentedReality (87)
[2023.02.08-16.17.25:243][231]LogModuleManager: Shutting down and abandoning module OpenXRHMD (84)
[2023.02.08-16.17.25:244][231]LogModuleManager: Shutting down and abandoning module ExampleDeviceProfileSelector (82)
[2023.02.08-16.17.25:244][231]LogModuleManager: Shutting down and abandoning module ChunkDownloader (80)
[2023.02.08-16.17.25:244][231]LogModuleManager: Shutting down and abandoning module LauncherChunkInstaller (78)
[2023.02.08-16.17.25:244][231]LogModuleManager: Shutting down and abandoning module OnlineSubsystem (74)
[2023.02.08-16.17.25:244][231]LogOnline: Display: STEAM: OnlineSubsystemSteam::Shutdown()
[2023.02.08-16.17.25:245][231]LogOnline: STEAM: AUTH: Revoking all tickets.
[2023.02.08-16.17.25:245][231]LogSteamShared: Unloading the Steam API...
[2023.02.08-16.17.25:253][231]LogOnline: Display: STEAM: OnlineSubsystemSteam::Shutdown()
[2023.02.08-16.17.25:253][231]LogModuleManager: Shutting down and abandoning module SteamShared (70)
[2023.02.08-16.17.25:253][231]LogSteamShared: Freeing the Steam Loaded Modules...
[2023.02.08-16.17.25:253][231]LogModuleManager: Shutting down and abandoning module HTTP (67)
[2023.02.08-16.17.25:254][231]LogHttp: Display: cleaning up 0 outstanding Http requests.
[2023.02.08-16.17.25:256][231]LogModuleManager: Shutting down and abandoning module SSL (66)
[2023.02.08-16.17.25:257][231]LogModuleManager: Shutting down and abandoning module WmfMedia (62)
[2023.02.08-16.17.25:258][231]LogModuleManager: Shutting down and abandoning module Media (61)
[2023.02.08-16.17.25:258][231]LogModuleManager: Shutting down and abandoning module MediaInfo (60)
[2023.02.08-16.17.25:258][231]LogModuleManager: Shutting down and abandoning module MLSDK (56)
[2023.02.08-16.17.25:258][231]LogModuleManager: Shutting down and abandoning module ExrReaderGpu (54)
[2023.02.08-16.17.25:258][231]LogModuleManager: Shutting down and abandoning module MagicLeap (52)
[2023.02.08-16.17.25:258][231]LogModuleManager: Shutting down and abandoning module NiagaraVertexFactories (50)
[2023.02.08-16.17.25:258][231]LogModuleManager: Shutting down and abandoning module NiagaraShader (48)
[2023.02.08-16.17.25:258][231]LogModuleManager: Shutting down and abandoning module ChaosCloth (46)
[2023.02.08-16.17.25:258][231]LogModuleManager: Shutting down and abandoning module VariantManagerContent (44)
[2023.02.08-16.17.25:258][231]LogModuleManager: Shutting down and abandoning module DatasmithContent (42)
[2023.02.08-16.17.25:259][231]LogModuleManager: Shutting down and abandoning module PixWinPlugin (40)
[2023.02.08-16.17.25:259][231]LogModuleManager: Shutting down and abandoning module AISupportModule (38)
[2023.02.08-16.17.25:259][231]LogModuleManager: Shutting down and abandoning module PythonScriptPluginPreload (36)
[2023.02.08-16.17.25:259][231]LogModuleManager: Shutting down and abandoning module PlatformCryptoOpenSSL (34)
[2023.02.08-16.17.25:259][231]LogModuleManager: Shutting down and abandoning module PlatformCryptoTypes (32)
[2023.02.08-16.17.25:259][231]LogModuleManager: Shutting down and abandoning module PlatformCrypto (30)
[2023.02.08-16.17.25:259][231]LogModuleManager: Shutting down and abandoning module OodleDataCompressionFormat (28)
[2023.02.08-16.17.25:260][231]LogModuleManager: Shutting down and abandoning module RenderCore (26)
[2023.02.08-16.17.25:260][231]LogModuleManager: Shutting down and abandoning module Landscape (24)
[2023.02.08-16.17.25:260][231]LogModuleManager: Shutting down and abandoning module SlateRHIRenderer (22)
[2023.02.08-16.17.25:260][231]LogModuleManager: Shutting down and abandoning module AnimGraphRuntime (20)
[2023.02.08-16.17.25:260][231]LogModuleManager: Shutting down and abandoning module Renderer (18)
[2023.02.08-16.17.25:260][231]LogModuleManager: Shutting down and abandoning module Engine (16)
[2023.02.08-16.17.25:260][231]LogModuleManager: Shutting down and abandoning module CoreUObject (14)
[2023.02.08-16.17.25:260][231]LogModuleManager: Shutting down and abandoning module NetworkFile (12)
[2023.02.08-16.17.25:261][231]LogModuleManager: Shutting down and abandoning module CookedIterativeFile (10)
[2023.02.08-16.17.25:261][231]LogModuleManager: Shutting down and abandoning module StreamingFile (8)
[2023.02.08-16.17.25:261][231]LogModuleManager: Shutting down and abandoning module SandboxFile (6)
[2023.02.08-16.17.25:261][231]LogModuleManager: Shutting down and abandoning module PakFile (4)
[2023.02.08-16.17.25:261][231]LogModuleManager: Shutting down and abandoning module RSA (3)
[2023.02.08-16.17.25:261][231]LogContentStreaming: Display: There are 1 unreleased StreamingManagers
[2023.02.08-16.17.25:275][231]LogD3D11RHI: Shutdown
[2023.02.08-16.17.25:275][231]LogD3D11RHI: CleanupD3DDevice
[2023.02.08-16.17.25:283][231]LogD3D11RHI: Intel Extensions Framework unloaded
[2023.02.08-16.17.25:290][231]LogD3D11RHI: [IntelMetricsDiscovery] Stopped
[2023.02.08-16.17.25:290][231]LogExit: Exiting.
[2023.02.08-16.17.25:301][231]Log file closed, 02/08/23 18:17:25
